0000              1   ;--------------------------------------------------------
0000              2   ; File Created by C51
0000              3   ; Version 1.0.0 #1069 (Apr 23 2015) (MSVC)
0000              4   ; This file was generated Thu Mar 22 14:51:36 2018
0000              5   ;--------------------------------------------------------
                  5   $name motor_control
                  6   $optc51 --model-small
0000              8            R_DSEG    segment data
0000              9            R_CSEG    segment code
0000             10            R_BSEG    segment bit
0000             11            R_XSEG    segment xdata
0000             12            R_PSEG    segment xdata
0000             13            R_ISEG    segment idata
0000             14            R_OSEG    segment data overlay
0000             15            BIT_BANK  segment data overlay
0000             16            R_HOME    segment code
0000             17            R_GSINIT  segment code
0000             18            R_IXSEG   segment xdata
0000             19            R_CONST   segment code
0000             20            R_XINIT   segment code
0000             21            R_DINIT   segment code
0000             22   
0000             23   ;--------------------------------------------------------
0000             24   ; Public variables in this module
0000             25   ;--------------------------------------------------------
0000             26            public _main
0000             27            public _stop
0000             28            public _turn_NE
0000             29            public _turn_NW
0000             30            public _turn_east
0000             31            public _turn_west
0000             32            public _go_reverse
0000             33            public _go_straight
0000             34            public _Timer2_ISR
0000             35            public _getsn
0000             36            public _waitms
0000             37            public _Timer3us
0000             38            public __c51_external_startup
0000             39            public _getsn_PARM_2
0000             40            public _number4
0000             41            public _number3
0000             42            public _number2
0000             43            public _number1
0000             44            public _pwm_count
0000             45   ;--------------------------------------------------------
0000             46   ; Special Function Registers
0000             47   ;--------------------------------------------------------
0000             48   _ACC            DATA 0xe0
0000             49   _ADC0ASAH       DATA 0xb6
0000             50   _ADC0ASAL       DATA 0xb5
0000             51   _ADC0ASCF       DATA 0xa1
0000             52   _ADC0ASCT       DATA 0xc7
0000             53   _ADC0CF0        DATA 0xbc
0000             54   _ADC0CF1        DATA 0xb9
0000             55   _ADC0CF2        DATA 0xdf
0000             56   _ADC0CN0        DATA 0xe8
0000             57   _ADC0CN1        DATA 0xb2
0000             58   _ADC0CN2        DATA 0xb3
0000             59   _ADC0GTH        DATA 0xc4
0000             60   _ADC0GTL        DATA 0xc3
0000             61   _ADC0H          DATA 0xbe
0000             62   _ADC0L          DATA 0xbd
0000             63   _ADC0LTH        DATA 0xc6
0000             64   _ADC0LTL        DATA 0xc5
0000             65   _ADC0MX         DATA 0xbb
0000             66   _B              DATA 0xf0
0000             67   _CKCON0         DATA 0x8e
0000             68   _CKCON1         DATA 0xa6
0000             69   _CLEN0          DATA 0xc6
0000             70   _CLIE0          DATA 0xc7
0000             71   _CLIF0          DATA 0xe8
0000             72   _CLKSEL         DATA 0xa9
0000             73   _CLOUT0         DATA 0xd1
0000             74   _CLU0CF         DATA 0xb1
0000             75   _CLU0FN         DATA 0xaf
0000             76   _CLU0MX         DATA 0x84
0000             77   _CLU1CF         DATA 0xb3
0000             78   _CLU1FN         DATA 0xb2
0000             79   _CLU1MX         DATA 0x85
0000             80   _CLU2CF         DATA 0xb6
0000             81   _CLU2FN         DATA 0xb5
0000             82   _CLU2MX         DATA 0x91
0000             83   _CLU3CF         DATA 0xbf
0000             84   _CLU3FN         DATA 0xbe
0000             85   _CLU3MX         DATA 0xae
0000             86   _CMP0CN0        DATA 0x9b
0000             87   _CMP0CN1        DATA 0x99
0000             88   _CMP0MD         DATA 0x9d
0000             89   _CMP0MX         DATA 0x9f
0000             90   _CMP1CN0        DATA 0xbf
0000             91   _CMP1CN1        DATA 0xac
0000             92   _CMP1MD         DATA 0xab
0000             93   _CMP1MX         DATA 0xaa
0000             94   _CRC0CN0        DATA 0xce
0000             95   _CRC0CN1        DATA 0x86
0000             96   _CRC0CNT        DATA 0xd3
0000             97   _CRC0DAT        DATA 0xcb
0000             98   _CRC0FLIP       DATA 0xcf
0000             99   _CRC0IN         DATA 0xca
0000            100   _CRC0ST         DATA 0xd2
0000            101   _DAC0CF0        DATA 0x91
0000            102   _DAC0CF1        DATA 0x92
0000            103   _DAC0H          DATA 0x85
0000            104   _DAC0L          DATA 0x84
0000            105   _DAC1CF0        DATA 0x93
0000            106   _DAC1CF1        DATA 0x94
0000            107   _DAC1H          DATA 0x8a
0000            108   _DAC1L          DATA 0x89
0000            109   _DAC2CF0        DATA 0x95
0000            110   _DAC2CF1        DATA 0x96
0000            111   _DAC2H          DATA 0x8c
0000            112   _DAC2L          DATA 0x8b
0000            113   _DAC3CF0        DATA 0x9a
0000            114   _DAC3CF1        DATA 0x9c
0000            115   _DAC3H          DATA 0x8e
0000            116   _DAC3L          DATA 0x8d
0000            117   _DACGCF0        DATA 0x88
0000            118   _DACGCF1        DATA 0x98
0000            119   _DACGCF2        DATA 0xa2
0000            120   _DERIVID        DATA 0xad
0000            121   _DEVICEID       DATA 0xb5
0000            122   _DPH            DATA 0x83
0000            123   _DPL            DATA 0x82
0000            124   _EIE1           DATA 0xe6
0000            125   _EIE2           DATA 0xf3
0000            126   _EIP1           DATA 0xbb
0000            127   _EIP1H          DATA 0xee
0000            128   _EIP2           DATA 0xed
0000            129   _EIP2H          DATA 0xf6
0000            130   _EMI0CN         DATA 0xe7
0000            131   _FLKEY          DATA 0xb7
0000            132   _HFO0CAL        DATA 0xc7
0000            133   _HFO1CAL        DATA 0xd6
0000            134   _HFOCN          DATA 0xef
0000            135   _I2C0ADM        DATA 0xff
0000            136   _I2C0CN0        DATA 0xba
0000            137   _I2C0DIN        DATA 0xbc
0000            138   _I2C0DOUT       DATA 0xbb
0000            139   _I2C0FCN0       DATA 0xad
0000            140   _I2C0FCN1       DATA 0xab
0000            141   _I2C0FCT        DATA 0xf5
0000            142   _I2C0SLAD       DATA 0xbd
0000            143   _I2C0STAT       DATA 0xb9
0000            144   _IE             DATA 0xa8
0000            145   _IP             DATA 0xb8
0000            146   _IPH            DATA 0xf2
0000            147   _IT01CF         DATA 0xe4
0000            148   _LFO0CN         DATA 0xb1
0000            149   _P0             DATA 0x80
0000            150   _P0MASK         DATA 0xfe
0000            151   _P0MAT          DATA 0xfd
0000            152   _P0MDIN         DATA 0xf1
0000            153   _P0MDOUT        DATA 0xa4
0000            154   _P0SKIP         DATA 0xd4
0000            155   _P1             DATA 0x90
0000            156   _P1MASK         DATA 0xee
0000            157   _P1MAT          DATA 0xed
0000            158   _P1MDIN         DATA 0xf2
0000            159   _P1MDOUT        DATA 0xa5
0000            160   _P1SKIP         DATA 0xd5
0000            161   _P2             DATA 0xa0
0000            162   _P2MASK         DATA 0xfc
0000            163   _P2MAT          DATA 0xfb
0000            164   _P2MDIN         DATA 0xf3
0000            165   _P2MDOUT        DATA 0xa6
0000            166   _P2SKIP         DATA 0xcc
0000            167   _P3             DATA 0xb0
0000            168   _P3MDIN         DATA 0xf4
0000            169   _P3MDOUT        DATA 0x9c
0000            170   _PCA0CENT       DATA 0x9e
0000            171   _PCA0CLR        DATA 0x9c
0000            172   _PCA0CN0        DATA 0xd8
0000            173   _PCA0CPH0       DATA 0xfc
0000            174   _PCA0CPH1       DATA 0xea
0000            175   _PCA0CPH2       DATA 0xec
0000            176   _PCA0CPH3       DATA 0xf5
0000            177   _PCA0CPH4       DATA 0x85
0000            178   _PCA0CPH5       DATA 0xde
0000            179   _PCA0CPL0       DATA 0xfb
0000            180   _PCA0CPL1       DATA 0xe9
0000            181   _PCA0CPL2       DATA 0xeb
0000            182   _PCA0CPL3       DATA 0xf4
0000            183   _PCA0CPL4       DATA 0x84
0000            184   _PCA0CPL5       DATA 0xdd
0000            185   _PCA0CPM0       DATA 0xda
0000            186   _PCA0CPM1       DATA 0xdb
0000            187   _PCA0CPM2       DATA 0xdc
0000            188   _PCA0CPM3       DATA 0xae
0000            189   _PCA0CPM4       DATA 0xaf
0000            190   _PCA0CPM5       DATA 0xcc
0000            191   _PCA0H          DATA 0xfa
0000            192   _PCA0L          DATA 0xf9
0000            193   _PCA0MD         DATA 0xd9
0000            194   _PCA0POL        DATA 0x96
0000            195   _PCA0PWM        DATA 0xf7
0000            196   _PCON0          DATA 0x87
0000            197   _PCON1          DATA 0xcd
0000            198   _PFE0CN         DATA 0xc1
0000            199   _PRTDRV         DATA 0xf6
0000            200   _PSCTL          DATA 0x8f
0000            201   _PSTAT0         DATA 0xaa
0000            202   _PSW            DATA 0xd0
0000            203   _REF0CN         DATA 0xd1
0000            204   _REG0CN         DATA 0xc9
0000            205   _REVID          DATA 0xb6
0000            206   _RSTSRC         DATA 0xef
0000            207   _SBCON1         DATA 0x94
0000            208   _SBRLH1         DATA 0x96
0000            209   _SBRLL1         DATA 0x95
0000            210   _SBUF           DATA 0x99
0000            211   _SBUF0          DATA 0x99
0000            212   _SBUF1          DATA 0x92
0000            213   _SCON           DATA 0x98
0000            214   _SCON0          DATA 0x98
0000            215   _SCON1          DATA 0xc8
0000            216   _SFRPAGE        DATA 0xa7
0000            217   _SFRPGCN        DATA 0xbc
0000            218   _SFRSTACK       DATA 0xd7
0000            219   _SMB0ADM        DATA 0xd6
0000            220   _SMB0ADR        DATA 0xd7
0000            221   _SMB0CF         DATA 0xc1
0000            222   _SMB0CN0        DATA 0xc0
0000            223   _SMB0DAT        DATA 0xc2
0000            224   _SMB0FCN0       DATA 0xc3
0000            225   _SMB0FCN1       DATA 0xc4
0000            226   _SMB0FCT        DATA 0xef
0000            227   _SMB0RXLN       DATA 0xc5
0000            228   _SMB0TC         DATA 0xac
0000            229   _SMOD1          DATA 0x93
0000            230   _SP             DATA 0x81
0000            231   _SPI0CFG        DATA 0xa1
0000            232   _SPI0CKR        DATA 0xa2
0000            233   _SPI0CN0        DATA 0xf8
0000            234   _SPI0DAT        DATA 0xa3
0000            235   _SPI0FCN0       DATA 0x9a
0000            236   _SPI0FCN1       DATA 0x9b
0000            237   _SPI0FCT        DATA 0xf7
0000            238   _SPI0PCF        DATA 0xdf
0000            239   _TCON           DATA 0x88
0000            240   _TH0            DATA 0x8c
0000            241   _TH1            DATA 0x8d
0000            242   _TL0            DATA 0x8a
0000            243   _TL1            DATA 0x8b
0000            244   _TMOD           DATA 0x89
0000            245   _TMR2CN0        DATA 0xc8
0000            246   _TMR2CN1        DATA 0xfd
0000            247   _TMR2H          DATA 0xcf
0000            248   _TMR2L          DATA 0xce
0000            249   _TMR2RLH        DATA 0xcb
0000            250   _TMR2RLL        DATA 0xca
0000            251   _TMR3CN0        DATA 0x91
0000            252   _TMR3CN1        DATA 0xfe
0000            253   _TMR3H          DATA 0x95
0000            254   _TMR3L          DATA 0x94
0000            255   _TMR3RLH        DATA 0x93
0000            256   _TMR3RLL        DATA 0x92
0000            257   _TMR4CN0        DATA 0x98
0000            258   _TMR4CN1        DATA 0xff
0000            259   _TMR4H          DATA 0xa5
0000            260   _TMR4L          DATA 0xa4
0000            261   _TMR4RLH        DATA 0xa3
0000            262   _TMR4RLL        DATA 0xa2
0000            263   _TMR5CN0        DATA 0xc0
0000            264   _TMR5CN1        DATA 0xf1
0000            265   _TMR5H          DATA 0xd5
0000            266   _TMR5L          DATA 0xd4
0000            267   _TMR5RLH        DATA 0xd3
0000            268   _TMR5RLL        DATA 0xd2
0000            269   _UART0PCF       DATA 0xd9
0000            270   _UART1FCN0      DATA 0x9d
0000            271   _UART1FCN1      DATA 0xd8
0000            272   _UART1FCT       DATA 0xfa
0000            273   _UART1LIN       DATA 0x9e
0000            274   _UART1PCF       DATA 0xda
0000            275   _VDM0CN         DATA 0xff
0000            276   _WDTCN          DATA 0x97
0000            277   _XBR0           DATA 0xe1
0000            278   _XBR1           DATA 0xe2
0000            279   _XBR2           DATA 0xe3
0000            280   _XOSC0CN        DATA 0x86
0000            281   _DPTR           DATA 0x8382
0000            282   _TMR2RL         DATA 0xcbca
0000            283   _TMR3RL         DATA 0x9392
0000            284   _TMR4RL         DATA 0xa3a2
0000            285   _TMR5RL         DATA 0xd3d2
0000            286   _TMR0           DATA 0x8c8a
0000            287   _TMR1           DATA 0x8d8b
0000            288   _TMR2           DATA 0xcfce
0000            289   _TMR3           DATA 0x9594
0000            290   _TMR4           DATA 0xa5a4
0000            291   _TMR5           DATA 0xd5d4
0000            292   _SBRL1          DATA 0x9695
0000            293   _PCA0           DATA 0xfaf9
0000            294   _PCA0CP0        DATA 0xfcfb
0000            295   _PCA0CP1        DATA 0xeae9
0000            296   _PCA0CP2        DATA 0xeceb
0000            297   _PCA0CP3        DATA 0xf5f4
0000            298   _PCA0CP4        DATA 0x8584
0000            299   _PCA0CP5        DATA 0xdedd
0000            300   _ADC0ASA        DATA 0xb6b5
0000            301   _ADC0GT         DATA 0xc4c3
0000            302   _ADC0           DATA 0xbebd
0000            303   _ADC0LT         DATA 0xc6c5
0000            304   _DAC0           DATA 0x8584
0000            305   _DAC1           DATA 0x8a89
0000            306   _DAC2           DATA 0x8c8b
0000            307   _DAC3           DATA 0x8e8d
0000            308   ;--------------------------------------------------------
0000            309   ; special function bits
0000            310   ;--------------------------------------------------------
0000            311   _ACC_0          BIT 0xe0
0000            312   _ACC_1          BIT 0xe1
0000            313   _ACC_2          BIT 0xe2
0000            314   _ACC_3          BIT 0xe3
0000            315   _ACC_4          BIT 0xe4
0000            316   _ACC_5          BIT 0xe5
0000            317   _ACC_6          BIT 0xe6
0000            318   _ACC_7          BIT 0xe7
0000            319   _TEMPE          BIT 0xe8
0000            320   _ADGN0          BIT 0xe9
0000            321   _ADGN1          BIT 0xea
0000            322   _ADWINT         BIT 0xeb
0000            323   _ADBUSY         BIT 0xec
0000            324   _ADINT          BIT 0xed
0000            325   _IPOEN          BIT 0xee
0000            326   _ADEN           BIT 0xef
0000            327   _B_0            BIT 0xf0
0000            328   _B_1            BIT 0xf1
0000            329   _B_2            BIT 0xf2
0000            330   _B_3            BIT 0xf3
0000            331   _B_4            BIT 0xf4
0000            332   _B_5            BIT 0xf5
0000            333   _B_6            BIT 0xf6
0000            334   _B_7            BIT 0xf7
0000            335   _C0FIF          BIT 0xe8
0000            336   _C0RIF          BIT 0xe9
0000            337   _C1FIF          BIT 0xea
0000            338   _C1RIF          BIT 0xeb
0000            339   _C2FIF          BIT 0xec
0000            340   _C2RIF          BIT 0xed
0000            341   _C3FIF          BIT 0xee
0000            342   _C3RIF          BIT 0xef
0000            343   _D1SRC0         BIT 0x88
0000            344   _D1SRC1         BIT 0x89
0000            345   _D1AMEN         BIT 0x8a
0000            346   _D01REFSL       BIT 0x8b
0000            347   _D3SRC0         BIT 0x8c
0000            348   _D3SRC1         BIT 0x8d
0000            349   _D3AMEN         BIT 0x8e
0000            350   _D23REFSL       BIT 0x8f
0000            351   _D0UDIS         BIT 0x98
0000            352   _D1UDIS         BIT 0x99
0000            353   _D2UDIS         BIT 0x9a
0000            354   _D3UDIS         BIT 0x9b
0000            355   _EX0            BIT 0xa8
0000            356   _ET0            BIT 0xa9
0000            357   _EX1            BIT 0xaa
0000            358   _ET1            BIT 0xab
0000            359   _ES0            BIT 0xac
0000            360   _ET2            BIT 0xad
0000            361   _ESPI0          BIT 0xae
0000            362   _EA             BIT 0xaf
0000            363   _PX0            BIT 0xb8
0000            364   _PT0            BIT 0xb9
0000            365   _PX1            BIT 0xba
0000            366   _PT1            BIT 0xbb
0000            367   _PS0            BIT 0xbc
0000            368   _PT2            BIT 0xbd
0000            369   _PSPI0          BIT 0xbe
0000            370   _P0_0           BIT 0x80
0000            371   _P0_1           BIT 0x81
0000            372   _P0_2           BIT 0x82
0000            373   _P0_3           BIT 0x83
0000            374   _P0_4           BIT 0x84
0000            375   _P0_5           BIT 0x85
0000            376   _P0_6           BIT 0x86
0000            377   _P0_7           BIT 0x87
0000            378   _P1_0           BIT 0x90
0000            379   _P1_1           BIT 0x91
0000            380   _P1_2           BIT 0x92
0000            381   _P1_3           BIT 0x93
0000            382   _P1_4           BIT 0x94
0000            383   _P1_5           BIT 0x95
0000            384   _P1_6           BIT 0x96
0000            385   _P1_7           BIT 0x97
0000            386   _P2_0           BIT 0xa0
0000            387   _P2_1           BIT 0xa1
0000            388   _P2_2           BIT 0xa2
0000            389   _P2_3           BIT 0xa3
0000            390   _P2_4           BIT 0xa4
0000            391   _P2_5           BIT 0xa5
0000            392   _P2_6           BIT 0xa6
0000            393   _P3_0           BIT 0xb0
0000            394   _P3_1           BIT 0xb1
0000            395   _P3_2           BIT 0xb2
0000            396   _P3_3           BIT 0xb3
0000            397   _P3_4           BIT 0xb4
0000            398   _P3_7           BIT 0xb7
0000            399   _CCF0           BIT 0xd8
0000            400   _CCF1           BIT 0xd9
0000            401   _CCF2           BIT 0xda
0000            402   _CCF3           BIT 0xdb
0000            403   _CCF4           BIT 0xdc
0000            404   _CCF5           BIT 0xdd
0000            405   _CR             BIT 0xde
0000            406   _CF             BIT 0xdf
0000            407   _PARITY         BIT 0xd0
0000            408   _F1             BIT 0xd1
0000            409   _OV             BIT 0xd2
0000            410   _RS0            BIT 0xd3
0000            411   _RS1            BIT 0xd4
0000            412   _F0             BIT 0xd5
0000            413   _AC             BIT 0xd6
0000            414   _CY             BIT 0xd7
0000            415   _RI             BIT 0x98
0000            416   _TI             BIT 0x99
0000            417   _RB8            BIT 0x9a
0000            418   _TB8            BIT 0x9b
0000            419   _REN            BIT 0x9c
0000            420   _CE             BIT 0x9d
0000            421   _SMODE          BIT 0x9e
0000            422   _RI1            BIT 0xc8
0000            423   _TI1            BIT 0xc9
0000            424   _RBX1           BIT 0xca
0000            425   _TBX1           BIT 0xcb
0000            426   _REN1           BIT 0xcc
0000            427   _PERR1          BIT 0xcd
0000            428   _OVR1           BIT 0xce
0000            429   _SI             BIT 0xc0
0000            430   _ACK            BIT 0xc1
0000            431   _ARBLOST        BIT 0xc2
0000            432   _ACKRQ          BIT 0xc3
0000            433   _STO            BIT 0xc4
0000            434   _STA            BIT 0xc5
0000            435   _TXMODE         BIT 0xc6
0000            436   _MASTER         BIT 0xc7
0000            437   _SPIEN          BIT 0xf8
0000            438   _TXNF           BIT 0xf9
0000            439   _NSSMD0         BIT 0xfa
0000            440   _NSSMD1         BIT 0xfb
0000            441   _RXOVRN         BIT 0xfc
0000            442   _MODF           BIT 0xfd
0000            443   _WCOL           BIT 0xfe
0000            444   _SPIF           BIT 0xff
0000            445   _IT0            BIT 0x88
0000            446   _IE0            BIT 0x89
0000            447   _IT1            BIT 0x8a
0000            448   _IE1            BIT 0x8b
0000            449   _TR0            BIT 0x8c
0000            450   _TF0            BIT 0x8d
0000            451   _TR1            BIT 0x8e
0000            452   _TF1            BIT 0x8f
0000            453   _T2XCLK0        BIT 0xc8
0000            454   _T2XCLK1        BIT 0xc9
0000            455   _TR2            BIT 0xca
0000            456   _T2SPLIT        BIT 0xcb
0000            457   _TF2CEN         BIT 0xcc
0000            458   _TF2LEN         BIT 0xcd
0000            459   _TF2L           BIT 0xce
0000            460   _TF2H           BIT 0xcf
0000            461   _T4XCLK0        BIT 0x98
0000            462   _T4XCLK1        BIT 0x99
0000            463   _TR4            BIT 0x9a
0000            464   _T4SPLIT        BIT 0x9b
0000            465   _TF4CEN         BIT 0x9c
0000            466   _TF4LEN         BIT 0x9d
0000            467   _TF4L           BIT 0x9e
0000            468   _TF4H           BIT 0x9f
0000            469   _T5XCLK0        BIT 0xc0
0000            470   _T5XCLK1        BIT 0xc1
0000            471   _TR5            BIT 0xc2
0000            472   _T5SPLIT        BIT 0xc3
0000            473   _TF5CEN         BIT 0xc4
0000            474   _TF5LEN         BIT 0xc5
0000            475   _TF5L           BIT 0xc6
0000            476   _TF5H           BIT 0xc7
0000            477   _RIE            BIT 0xd8
0000            478   _RXTO0          BIT 0xd9
0000            479   _RXTO1          BIT 0xda
0000            480   _RFRQ           BIT 0xdb
0000            481   _TIE            BIT 0xdc
0000            482   _TXHOLD         BIT 0xdd
0000            483   _TXNF1          BIT 0xde
0000            484   _TFRQ           BIT 0xdf
0000            485   ;--------------------------------------------------------
0000            486   ; overlayable register banks
0000            487   ;--------------------------------------------------------
0000            488            rbank0 segment data overlay
0000            489   ;--------------------------------------------------------
0000            490   ; internal ram data
0000            491   ;--------------------------------------------------------
0000            492            rseg R_DSEG
0000            493   _pwm_count:
0000            494            ds 1
0001            495   _number1:
0001            496            ds 1
0002            497   _number2:
0002            498            ds 1
0003            499   _number3:
0003            500            ds 1
0004            501   _number4:
0004            502            ds 1
0005            503   _getsn_PARM_2:
0005            504            ds 2
0007            505   _getsn_buff_1_49:
0007            506            ds 3
000A            507   _getsn_sloc0_1_0:
000A            508            ds 2
000C            509   _main_num1_1_70:
000C            510            ds 4
0010            511   _main_speed_1_70:
0010            512            ds 1
0011            513   ;--------------------------------------------------------
0011            514   ; overlayable items in internal ram 
0011            515   ;--------------------------------------------------------
0000            516            rseg    R_OSEG
0000            517            rseg    R_OSEG
0000            518            rseg    R_OSEG
0000            519            rseg    R_OSEG
0000            520            rseg    R_OSEG
0000            521            rseg    R_OSEG
0000            522            rseg    R_OSEG
0000            523   ;--------------------------------------------------------
0000            524   ; indirectly addressable internal ram data
0000            525   ;--------------------------------------------------------
0000            526            rseg R_ISEG
0000            527   ;--------------------------------------------------------
0000            528   ; absolute internal ram data
0000            529   ;--------------------------------------------------------
0000            530            DSEG
0000            531   ;--------------------------------------------------------
0000            532   ; bit data
0000            533   ;--------------------------------------------------------
0000            534            rseg R_BSEG
0000            535   _Timer2_ISR_sloc0_1_0:
0000            536            DBIT    1
0001            537   ;--------------------------------------------------------
0001            538   ; paged external ram data
0001            539   ;--------------------------------------------------------
0000            540            rseg R_PSEG
0000            541   ;--------------------------------------------------------
0000            542   ; external ram data
0000            543   ;--------------------------------------------------------
0000            544            rseg R_XSEG
0000            545   ;--------------------------------------------------------
0000            546   ; absolute external ram data
0000            547   ;--------------------------------------------------------
0000            548            XSEG
0000            549   ;--------------------------------------------------------
0000            550   ; external initialized ram data
0000            551   ;--------------------------------------------------------
0000            552            rseg R_IXSEG
0000            553            rseg R_HOME
0000            554            rseg R_GSINIT
0000            555            rseg R_CSEG
0000            556   ;--------------------------------------------------------
0000            557   ; Reset entry point and interrupt vectors
0000            558   ;--------------------------------------------------------
0000            559            CSEG at 0x0000
0000 020100     560            ljmp    _crt0
002B            561            CSEG at 0x002b
002B 020100     562            ljmp    _Timer2_ISR
002E            563   ;--------------------------------------------------------
002E            564   ; global & static initialisations
002E            565   ;--------------------------------------------------------
0000            566            rseg R_HOME
0000            567            rseg R_GSINIT
0000            568            rseg R_GSINIT
0000            569   ;--------------------------------------------------------
0000            570   ; data variables initialization
0000            571   ;--------------------------------------------------------
0000            572            rseg R_DINIT
0000            573   ;        C:\Users\carso\Documents\1. School\0. Spring 2018\Elec 292\project1\elec291-292-AACHJY\Project2Files\C\Driving Code\motor_control.c:59: volatile unsigned char pwm_count=0;
0000 75D000     574            mov     _pwm_count,#0x00
0003            575   ;        C:\Users\carso\Documents\1. School\0. Spring 2018\Elec 292\project1\elec291-292-AACHJY\Project2Files\C\Driving Code\motor_control.c:60: volatile unsigned char number1=0;
0003 759000     576            mov     _number1,#0x00
0006            577   ;        C:\Users\carso\Documents\1. School\0. Spring 2018\Elec 292\project1\elec291-292-AACHJY\Project2Files\C\Driving Code\motor_control.c:61: volatile unsigned char number2=0; 
0006 755000     578            mov     _number2,#0x00
0009            579   ;        C:\Users\carso\Documents\1. School\0. Spring 2018\Elec 292\project1\elec291-292-AACHJY\Project2Files\C\Driving Code\motor_control.c:62: volatile unsigned char number3=0;
0009 751000     580            mov     _number3,#0x00
000C            581   ;        C:\Users\carso\Documents\1. School\0. Spring 2018\Elec 292\project1\elec291-292-AACHJY\Project2Files\C\Driving Code\motor_control.c:63: volatile unsigned char number4=0; 
000C 75D000     582            mov     _number4,#0x00
000F            583            ; The linker places a 'ret' at the end of segment R_DINIT.
000F            584   ;--------------------------------------------------------
000F            585   ; code
000F            586   ;--------------------------------------------------------
0000            587            rseg R_CSEG
0000            588   ;------------------------------------------------------------
0000            589   ;Allocation info for local variables in function '_c51_external_startup'
0000            590   ;------------------------------------------------------------
0000            591   ;------------------------------------------------------------
0000            592   ;        C:\Users\carso\Documents\1. School\0. Spring 2018\Elec 292\project1\elec291-292-AACHJY\Project2Files\C\Driving Code\motor_control.c:66: char _c51_external_startup (void)
0000            593   ;        -----------------------------------------
0000            594   ;         function _c51_external_startup
0000            595   ;        -----------------------------------------
0000            596   __c51_external_startup:
0000            597            using   0
0000            598   ;        C:\Users\carso\Documents\1. School\0. Spring 2018\Elec 292\project1\elec291-292-AACHJY\Project2Files\C\Driving Code\motor_control.c:69: SFRPAGE = 0x00;
0000 75A700     599            mov     _SFRPAGE,#0x00
0003            600   ;        C:\Users\carso\Documents\1. School\0. Spring 2018\Elec 292\project1\elec291-292-AACHJY\Project2Files\C\Driving Code\motor_control.c:70: WDTCN = 0xDE; //First key
0003 7597DE     601            mov     _WDTCN,#0xDE
0006            602   ;        C:\Users\carso\Documents\1. School\0. Spring 2018\Elec 292\project1\elec291-292-AACHJY\Project2Files\C\Driving Code\motor_control.c:71: WDTCN = 0xAD; //Second key
0006 7597AD     603            mov     _WDTCN,#0xAD
0009            604   ;        C:\Users\carso\Documents\1. School\0. Spring 2018\Elec 292\project1\elec291-292-AACHJY\Project2Files\C\Driving Code\motor_control.c:73: VDM0CN=0x80;       // enable VDD monitor
0009 75FF80     605            mov     _VDM0CN,#0x80
000C            606   ;        C:\Users\carso\Documents\1. School\0. Spring 2018\Elec 292\project1\elec291-292-AACHJY\Project2Files\C\Driving Code\motor_control.c:74: RSTSRC=0x02|0x04;  // Enable reset on missing clock detector and VDD
000C 75EF06     607            mov     _RSTSRC,#0x06
000F            608   ;        C:\Users\carso\Documents\1. School\0. Spring 2018\Elec 292\project1\elec291-292-AACHJY\Project2Files\C\Driving Code\motor_control.c:81: SFRPAGE = 0x10;
000F 75A710     609            mov     _SFRPAGE,#0x10
0012            610   ;        C:\Users\carso\Documents\1. School\0. Spring 2018\Elec 292\project1\elec291-292-AACHJY\Project2Files\C\Driving Code\motor_control.c:82: PFE0CN  = 0x20; // SYSCLK < 75 MHz.
0012 75C120     611            mov     _PFE0CN,#0x20
0015            612   ;        C:\Users\carso\Documents\1. School\0. Spring 2018\Elec 292\project1\elec291-292-AACHJY\Project2Files\C\Driving Code\motor_control.c:83: SFRPAGE = 0x00;
0015 75A700     613            mov     _SFRPAGE,#0x00
0018            614   ;        C:\Users\carso\Documents\1. School\0. Spring 2018\Elec 292\project1\elec291-292-AACHJY\Project2Files\C\Driving Code\motor_control.c:104: CLKSEL = 0x00;
0018 75A900     615            mov     _CLKSEL,#0x00
001B            616   ;        C:\Users\carso\Documents\1. School\0. Spring 2018\Elec 292\project1\elec291-292-AACHJY\Project2Files\C\Driving Code\motor_control.c:105: CLKSEL = 0x00;
001B 75A900     617            mov     _CLKSEL,#0x00
001E            618   ;        C:\Users\carso\Documents\1. School\0. Spring 2018\Elec 292\project1\elec291-292-AACHJY\Project2Files\C\Driving Code\motor_control.c:106: while ((CLKSEL & 0x80) == 0);
001E            619   L002001?:
001E E5A9       620            mov     a,_CLKSEL
0020 30E7E8     621            jnb     acc.7,L002001?
0023            622   ;        C:\Users\carso\Documents\1. School\0. Spring 2018\Elec 292\project1\elec291-292-AACHJY\Project2Files\C\Driving Code\motor_control.c:107: CLKSEL = 0x03;
0023 75A903     623            mov     _CLKSEL,#0x03
0026            624   ;        C:\Users\carso\Documents\1. School\0. Spring 2018\Elec 292\project1\elec291-292-AACHJY\Project2Files\C\Driving Code\motor_control.c:108: CLKSEL = 0x03;
0026 75A903     625            mov     _CLKSEL,#0x03
0029            626   ;        C:\Users\carso\Documents\1. School\0. Spring 2018\Elec 292\project1\elec291-292-AACHJY\Project2Files\C\Driving Code\motor_control.c:109: while ((CLKSEL & 0x80) == 0);
0029            627   L002004?:
0029 E5A9       628            mov     a,_CLKSEL
002B 30E768     629            jnb     acc.7,L002004?
002E            630   ;        C:\Users\carso\Documents\1. School\0. Spring 2018\Elec 292\project1\elec291-292-AACHJY\Project2Files\C\Driving Code\motor_control.c:114: P0MDOUT |= 0x10; // Enable UART0 TX as push-pull output
002E 43A410     631            orl     _P0MDOUT,#0x10
0031            632   ;        C:\Users\carso\Documents\1. School\0. Spring 2018\Elec 292\project1\elec291-292-AACHJY\Project2Files\C\Driving Code\motor_control.c:115: XBR0     = 0x01; // Enable UART0 on P0.4(TX) and P0.5(RX)                     
0031 75E101     633            mov     _XBR0,#0x01
0034            634   ;        C:\Users\carso\Documents\1. School\0. Spring 2018\Elec 292\project1\elec291-292-AACHJY\Project2Files\C\Driving Code\motor_control.c:116: XBR1     = 0X00;
0034 75E200     635            mov     _XBR1,#0x00
0037            636   ;        C:\Users\carso\Documents\1. School\0. Spring 2018\Elec 292\project1\elec291-292-AACHJY\Project2Files\C\Driving Code\motor_control.c:117: XBR2     = 0x40; // Enable crossbar and weak pull-ups
0037 75E340     637            mov     _XBR2,#0x40
003A            638   ;        C:\Users\carso\Documents\1. School\0. Spring 2018\Elec 292\project1\elec291-292-AACHJY\Project2Files\C\Driving Code\motor_control.c:123: SCON0 = 0x10;
003A 759810     639            mov     _SCON0,#0x10
003D            640   ;        C:\Users\carso\Documents\1. School\0. Spring 2018\Elec 292\project1\elec291-292-AACHJY\Project2Files\C\Driving Code\motor_control.c:124: TH1 = 0x100-((SYSCLK/BAUDRATE)/(2L*12L));
003D 758DE6     641            mov     _TH1,#0xE6
0040            642   ;        C:\Users\carso\Documents\1. School\0. Spring 2018\Elec 292\project1\elec291-292-AACHJY\Project2Files\C\Driving Code\motor_control.c:125: TL1 = TH1;      // Init Timer1
0040 858D8B     643            mov     _TL1,_TH1
0043            644   ;        C:\Users\carso\Documents\1. School\0. Spring 2018\Elec 292\project1\elec291-292-AACHJY\Project2Files\C\Driving Code\motor_control.c:126: TMOD &= ~0xf0;  // TMOD: timer 1 in 8-bit auto-reload
0043 53890F     645            anl     _TMOD,#0x0F
0046            646   ;        C:\Users\carso\Documents\1. School\0. Spring 2018\Elec 292\project1\elec291-292-AACHJY\Project2Files\C\Driving Code\motor_control.c:127: TMOD |=  0x20;                       
0046 438920     647            orl     _TMOD,#0x20
0049            648   ;        C:\Users\carso\Documents\1. School\0. Spring 2018\Elec 292\project1\elec291-292-AACHJY\Project2Files\C\Driving Code\motor_control.c:128: TR1 = 1; // START Timer1
0049 D28E       649            setb    _TR1
004B            650   ;        C:\Users\carso\Documents\1. School\0. Spring 2018\Elec 292\project1\elec291-292-AACHJY\Project2Files\C\Driving Code\motor_control.c:129: TI = 1;  // Indicate TX0 ready
004B D299       651            setb    _TI
004D            652   ;        C:\Users\carso\Documents\1. School\0. Spring 2018\Elec 292\project1\elec291-292-AACHJY\Project2Files\C\Driving Code\motor_control.c:132: TMR2CN0=0x00;   // Stop Timer2; Clear TF2;
004D 75C800     653            mov     _TMR2CN0,#0x00
0050            654   ;        C:\Users\carso\Documents\1. School\0. Spring 2018\Elec 292\project1\elec291-292-AACHJY\Project2Files\C\Driving Code\motor_control.c:133: CKCON0|=0b_0001_0000; // Timer 2 uses the system clock
0050 438E10     655            orl     _CKCON0,#0x10
0053            656   ;        C:\Users\carso\Documents\1. School\0. Spring 2018\Elec 292\project1\elec291-292-AACHJY\Project2Files\C\Driving Code\motor_control.c:134: TMR2RL=(0x10000L-(SYSCLK/10000L)); // Initialize reload value ....Timer overflow rate (FREQ) found by SYSCLK/(2^16-TMR2RL)
0053 75CAE0     657            mov     _TMR2RL,#0xE0
0056 75CBE3     658            mov     (_TMR2RL >> 8),#0xE3
0059            659   ;        C:\Users\carso\Documents\1. School\0. Spring 2018\Elec 292\project1\elec291-292-AACHJY\Project2Files\C\Driving Code\motor_control.c:135: TMR2=0xffff;   // Set to reload immediately
0059 75CEFF     660            mov     _TMR2,#0xFF
005C 75CFFF     661            mov     (_TMR2 >> 8),#0xFF
005F            662   ;        C:\Users\carso\Documents\1. School\0. Spring 2018\Elec 292\project1\elec291-292-AACHJY\Project2Files\C\Driving Code\motor_control.c:136: ET2=1;         // Enable Timer2 interrupts
005F D2AD       663            setb    _ET2
0061            664   ;        C:\Users\carso\Documents\1. School\0. Spring 2018\Elec 292\project1\elec291-292-AACHJY\Project2Files\C\Driving Code\motor_control.c:137: TR2=1;         // Start Timer2 (TMR2CN is bit addressable)
0061 D2CA       665            setb    _TR2
0063            666   ;        C:\Users\carso\Documents\1. School\0. Spring 2018\Elec 292\project1\elec291-292-AACHJY\Project2Files\C\Driving Code\motor_control.c:139: EA=1; // Enable interrupts
0063 D2AF       667            setb    _EA
0065            668   ;        C:\Users\carso\Documents\1. School\0. Spring 2018\Elec 292\project1\elec291-292-AACHJY\Project2Files\C\Driving Code\motor_control.c:142: return 0;
0065 758200     669            mov     dpl,#0x00
0068 22         670            ret
0069            671   ;------------------------------------------------------------
0069            672   ;Allocation info for local variables in function 'Timer3us'
0069            673   ;------------------------------------------------------------
0069            674   ;us                        Allocated to registers r2 
0069            675   ;i                         Allocated to registers r3 
0069            676   ;------------------------------------------------------------
0069            677   ;        C:\Users\carso\Documents\1. School\0. Spring 2018\Elec 292\project1\elec291-292-AACHJY\Project2Files\C\Driving Code\motor_control.c:144: void Timer3us(unsigned char us)
0069            678   ;        -----------------------------------------
0069            679   ;         function Timer3us
0069            680   ;        -----------------------------------------
0069            681   _Timer3us:
0069 AA82       682            mov     r2,dpl
006B            683   ;        C:\Users\carso\Documents\1. School\0. Spring 2018\Elec 292\project1\elec291-292-AACHJY\Project2Files\C\Driving Code\motor_control.c:149: CKCON0|=0b_0100_0000;
006B 438E40     684            orl     _CKCON0,#0x40
006E            685   ;        C:\Users\carso\Documents\1. School\0. Spring 2018\Elec 292\project1\elec291-292-AACHJY\Project2Files\C\Driving Code\motor_control.c:151: TMR3RL = (-(SYSCLK)/1000000L); // Set Timer3 to overflow in 1us.
006E 7592B8     686            mov     _TMR3RL,#0xB8
0071 7593FF     687            mov     (_TMR3RL >> 8),#0xFF
0074            688   ;        C:\Users\carso\Documents\1. School\0. Spring 2018\Elec 292\project1\elec291-292-AACHJY\Project2Files\C\Driving Code\motor_control.c:152: TMR3 = TMR3RL;                 // Initialize Timer3 for first overflow
0074 859294     689            mov     _TMR3,_TMR3RL
0077 859395     690            mov     (_TMR3 >> 8),(_TMR3RL >> 8)
007A            691   ;        C:\Users\carso\Documents\1. School\0. Spring 2018\Elec 292\project1\elec291-292-AACHJY\Project2Files\C\Driving Code\motor_control.c:154: TMR3CN0 = 0x04;                 // Sart Timer3 and clear overflow flag
007A 759104     692            mov     _TMR3CN0,#0x04
007D            693   ;        C:\Users\carso\Documents\1. School\0. Spring 2018\Elec 292\project1\elec291-292-AACHJY\Project2Files\C\Driving Code\motor_control.c:155: for (i = 0; i < us; i++)       // Count <us> overflows
007D 7B00       694            mov     r3,#0x00
007F            695   L003004?:
007F C3         696            clr     c
0080 EB         697            mov     a,r3
0081 9A         698            subb    a,r2
0082 5001       699            jnc     L003007?
0084            700   ;        C:\Users\carso\Documents\1. School\0. Spring 2018\Elec 292\project1\elec291-292-AACHJY\Project2Files\C\Driving Code\motor_control.c:157: while (!(TMR3CN0 & 0x80));  // Wait for overflow
0084            701   L003001?:
0084 E591       702            mov     a,_TMR3CN0
0086 30E768     703            jnb     acc.7,L003001?
0089            704   ;        C:\Users\carso\Documents\1. School\0. Spring 2018\Elec 292\project1\elec291-292-AACHJY\Project2Files\C\Driving Code\motor_control.c:158: TMR3CN0 &= ~(0x80);         // Clear overflow indicator
0089 53917F     705            anl     _TMR3CN0,#0x7F
008C            706   ;        C:\Users\carso\Documents\1. School\0. Spring 2018\Elec 292\project1\elec291-292-AACHJY\Project2Files\C\Driving Code\motor_control.c:155: for (i = 0; i < us; i++)       // Count <us> overflows
008C 0B         707            inc     r3
008D 8001       708            sjmp    L003004?
008F            709   L003007?:
008F            710   ;        C:\Users\carso\Documents\1. School\0. Spring 2018\Elec 292\project1\elec291-292-AACHJY\Project2Files\C\Driving Code\motor_control.c:160: TMR3CN0 = 0 ;                   // Stop Timer3 and clear overflow flag
008F 759100     711            mov     _TMR3CN0,#0x00
0092 22         712            ret
0093            713   ;------------------------------------------------------------
0093            714   ;Allocation info for local variables in function 'waitms'
0093            715   ;------------------------------------------------------------
0093            716   ;ms                        Allocated to registers r2 r3 
0093            717   ;j                         Allocated to registers r4 r5 
0093            718   ;k                         Allocated to registers r6 
0093            719   ;------------------------------------------------------------
0093            720   ;        C:\Users\carso\Documents\1. School\0. Spring 2018\Elec 292\project1\elec291-292-AACHJY\Project2Files\C\Driving Code\motor_control.c:163: void waitms (unsigned int ms)
0093            721   ;        -----------------------------------------
0093            722   ;         function waitms
0093            723   ;        -----------------------------------------
0093            724   _waitms:
0093 AA82       725            mov     r2,dpl
0095 AB83       726            mov     r3,dph
0097            727   ;        C:\Users\carso\Documents\1. School\0. Spring 2018\Elec 292\project1\elec291-292-AACHJY\Project2Files\C\Driving Code\motor_control.c:167: for(j=0; j<ms; j++)
0097 7C00       728            mov     r4,#0x00
0099 7D00       729            mov     r5,#0x00
009B            730   L004005?:
009B C3         731            clr     c
009C EC         732            mov     a,r4
009D 9A         733            subb    a,r2
009E ED         734            mov     a,r5
009F 9B         735            subb    a,r3
00A0 5001       736            jnc     L004009?
00A2            737   ;        C:\Users\carso\Documents\1. School\0. Spring 2018\Elec 292\project1\elec291-292-AACHJY\Project2Files\C\Driving Code\motor_control.c:168: for (k=0; k<4; k++) Timer3us(250);
00A2 7E00       738            mov     r6,#0x00
00A4            739   L004001?:
00A4 BE04A8     740            cjne    r6,#0x04,L004018?
00A7            741   L004018?:
00A7 5001       742            jnc     L004007?
00A9 7582FA     743            mov     dpl,#0xFA
00AC C002       744            push    ar2
00AE C003       745            push    ar3
00B0 C004       746            push    ar4
00B2 C005       747            push    ar5
00B4 C006       748            push    ar6
00B6 120100     749            lcall   _Timer3us
00B9 D006       750            pop     ar6
00BB D005       751            pop     ar5
00BD D004       752            pop     ar4
00BF D003       753            pop     ar3
00C1 D002       754            pop     ar2
00C3 0E         755            inc     r6
00C4 8001       756            sjmp    L004001?
00C6            757   L004007?:
00C6            758   ;        C:\Users\carso\Documents\1. School\0. Spring 2018\Elec 292\project1\elec291-292-AACHJY\Project2Files\C\Driving Code\motor_control.c:167: for(j=0; j<ms; j++)
00C6 0C         759            inc     r4
00C7 BC00E8     760            cjne    r4,#0x00,L004005?
00CA 0D         761            inc     r5
00CB 8001       762            sjmp    L004005?
00CD            763   L004009?:
00CD 22         764            ret
00CE            765   ;------------------------------------------------------------
00CE            766   ;Allocation info for local variables in function 'getsn'
00CE            767   ;------------------------------------------------------------
00CE            768   ;len                       Allocated with name '_getsn_PARM_2'
00CE            769   ;buff                      Allocated with name '_getsn_buff_1_49'
00CE            770   ;j                         Allocated with name '_getsn_sloc0_1_0'
00CE            771   ;c                         Allocated to registers r3 
00CE            772   ;sloc0                     Allocated with name '_getsn_sloc0_1_0'
00CE            773   ;------------------------------------------------------------
00CE            774   ;        C:\Users\carso\Documents\1. School\0. Spring 2018\Elec 292\project1\elec291-292-AACHJY\Project2Files\C\Driving Code\motor_control.c:171: int getsn (char * buff, int len)
00CE            775   ;        -----------------------------------------
00CE            776   ;         function getsn
00CE            777   ;        -----------------------------------------
00CE            778   _getsn:
00CE 858238     779            mov     _getsn_buff_1_49,dpl
00D1 858339     780            mov     (_getsn_buff_1_49 + 1),dph
00D4 85F03A     781            mov     (_getsn_buff_1_49 + 2),b
00D7            782   ;        C:\Users\carso\Documents\1. School\0. Spring 2018\Elec 292\project1\elec291-292-AACHJY\Project2Files\C\Driving Code\motor_control.c:176: for(j=0; j<(len-1); j++)
00D7 E4         783            clr     a
00D8 F588       784            mov     _getsn_sloc0_1_0,a
00DA F589       785            mov     (_getsn_sloc0_1_0 + 1),a
00DC E590       786            mov     a,_getsn_PARM_2
00DE 24FF       787            add     a,#0xff
00E0 FF         788            mov     r7,a
00E1 E591       789            mov     a,(_getsn_PARM_2 + 1)
00E3 34FF       790            addc    a,#0xff
00E5 F8         791            mov     r0,a
00E6 7900       792            mov     r1,#0x00
00E8 7A00       793            mov     r2,#0x00
00EA            794   L005005?:
00EA C3         795            clr     c
00EB E9         796            mov     a,r1
00EC 9F         797            subb    a,r7
00ED EA         798            mov     a,r2
00EE 6480       799            xrl     a,#0x80
00F0 88F0       800            mov     b,r0
00F2 63F080     801            xrl     b,#0x80
00F5 95F0       802            subb    a,b
00F7 5001       803            jnc     L005008?
00F9            804   ;        C:\Users\carso\Documents\1. School\0. Spring 2018\Elec 292\project1\elec291-292-AACHJY\Project2Files\C\Driving Code\motor_control.c:178: c=getchar();
00F9 C002       805            push    ar2
00FB C007       806            push    ar7
00FD C000       807            push    ar0
00FF C001       808            push    ar1
0101 120100     809            lcall   _getchar
0104 AB82       810            mov     r3,dpl
0106 D001       811            pop     ar1
0108 D000       812            pop     ar0
010A D007       813            pop     ar7
010C D002       814            pop     ar2
010E            815   ;        C:\Users\carso\Documents\1. School\0. Spring 2018\Elec 292\project1\elec291-292-AACHJY\Project2Files\C\Driving Code\motor_control.c:179: if ( (c=='\n') || (c=='\r') )
010E BB0A28     816            cjne    r3,#0x0A,L005015?
0111 8001       817            sjmp    L005001?
0113            818   L005015?:
0113 BB0DA8     819            cjne    r3,#0x0D,L005002?
0116            820   L005001?:
0116            821   ;        C:\Users\carso\Documents\1. School\0. Spring 2018\Elec 292\project1\elec291-292-AACHJY\Project2Files\C\Driving Code\motor_control.c:181: buff[j]=0;
0116 E588       822            mov     a,_getsn_sloc0_1_0
0118 2538       823            add     a,_getsn_buff_1_49
011A FC         824            mov     r4,a
011B E589       825            mov     a,(_getsn_sloc0_1_0 + 1)
011D 3539       826            addc    a,(_getsn_buff_1_49 + 1)
011F FD         827            mov     r5,a
0120 AE3A       828            mov     r6,(_getsn_buff_1_49 + 2)
0122 8C82       829            mov     dpl,r4
0124 8D83       830            mov     dph,r5
0126 8EF0       831            mov     b,r6
0128 E4         832            clr     a
0129 120100     833            lcall   __gptrput
012C            834   ;        C:\Users\carso\Documents\1. School\0. Spring 2018\Elec 292\project1\elec291-292-AACHJY\Project2Files\C\Driving Code\motor_control.c:182: return j;
012C 858882     835            mov     dpl,_getsn_sloc0_1_0
012F 858983     836            mov     dph,(_getsn_sloc0_1_0 + 1)
0132 22         837            ret
0133            838   L005002?:
0133            839   ;        C:\Users\carso\Documents\1. School\0. Spring 2018\Elec 292\project1\elec291-292-AACHJY\Project2Files\C\Driving Code\motor_control.c:186: buff[j]=c;
0133 E9         840            mov     a,r1
0134 2538       841            add     a,_getsn_buff_1_49
0136 FC         842            mov     r4,a
0137 EA         843            mov     a,r2
0138 3539       844            addc    a,(_getsn_buff_1_49 + 1)
013A FD         845            mov     r5,a
013B AE3A       846            mov     r6,(_getsn_buff_1_49 + 2)
013D 8C82       847            mov     dpl,r4
013F 8D83       848            mov     dph,r5
0141 8EF0       849            mov     b,r6
0143 EB         850            mov     a,r3
0144 120100     851            lcall   __gptrput
0147            852   ;        C:\Users\carso\Documents\1. School\0. Spring 2018\Elec 292\project1\elec291-292-AACHJY\Project2Files\C\Driving Code\motor_control.c:176: for(j=0; j<(len-1); j++)
0147 09         853            inc     r1
0148 B90028     854            cjne    r1,#0x00,L005018?
014B 0A         855            inc     r2
014C            856   L005018?:
014C 8988       857            mov     _getsn_sloc0_1_0,r1
014E 8A89       858            mov     (_getsn_sloc0_1_0 + 1),r2
0150 8001       859            sjmp    L005005?
0152            860   L005008?:
0152            861   ;        C:\Users\carso\Documents\1. School\0. Spring 2018\Elec 292\project1\elec291-292-AACHJY\Project2Files\C\Driving Code\motor_control.c:189: buff[j]='\0';
0152 E588       862            mov     a,_getsn_sloc0_1_0
0154 2538       863            add     a,_getsn_buff_1_49
0156 FA         864            mov     r2,a
0157 E589       865            mov     a,(_getsn_sloc0_1_0 + 1)
0159 3539       866            addc    a,(_getsn_buff_1_49 + 1)
015B FB         867            mov     r3,a
015C AC3A       868            mov     r4,(_getsn_buff_1_49 + 2)
015E 8A82       869            mov     dpl,r2
0160 8B83       870            mov     dph,r3
0162 8CF0       871            mov     b,r4
0164 E4         872            clr     a
0165 120100     873            lcall   __gptrput
0168            874   ;        C:\Users\carso\Documents\1. School\0. Spring 2018\Elec 292\project1\elec291-292-AACHJY\Project2Files\C\Driving Code\motor_control.c:190: return len;
0168 859082     875            mov     dpl,_getsn_PARM_2
016B 859183     876            mov     dph,(_getsn_PARM_2 + 1)
016E 22         877            ret
016F            878   ;------------------------------------------------------------
016F            879   ;Allocation info for local variables in function 'Timer2_ISR'
016F            880   ;------------------------------------------------------------
016F            881   ;------------------------------------------------------------
016F            882   ;        C:\Users\carso\Documents\1. School\0. Spring 2018\Elec 292\project1\elec291-292-AACHJY\Project2Files\C\Driving Code\motor_control.c:193: void Timer2_ISR (void) interrupt 5
016F            883   ;        -----------------------------------------
016F            884   ;         function Timer2_ISR
016F            885   ;        -----------------------------------------
016F            886   _Timer2_ISR:
016F C0E0       887            push    acc
0171 C0D0       888            push    psw
0173 75D000     889            mov     psw,#0x00
0176            890   ;        C:\Users\carso\Documents\1. School\0. Spring 2018\Elec 292\project1\elec291-292-AACHJY\Project2Files\C\Driving Code\motor_control.c:195: TF2H = 0; // Clear Timer2 interrupt flag
0176 C2CF       891            clr     _TF2H
0178            892   ;        C:\Users\carso\Documents\1. School\0. Spring 2018\Elec 292\project1\elec291-292-AACHJY\Project2Files\C\Driving Code\motor_control.c:197: pwm_count++;
0178 05D0       893            inc     _pwm_count
017A            894   ;        C:\Users\carso\Documents\1. School\0. Spring 2018\Elec 292\project1\elec291-292-AACHJY\Project2Files\C\Driving Code\motor_control.c:198: if(pwm_count>100) pwm_count=0;
017A E5D0       895            mov     a,_pwm_count
017C 249B       896            add     a,#0xff - 0x64
017E 5001       897            jnc     L006002?
0180 75D000     898            mov     _pwm_count,#0x00
0183            899   L006002?:
0183            900   ;        C:\Users\carso\Documents\1. School\0. Spring 2018\Elec 292\project1\elec291-292-AACHJY\Project2Files\C\Driving Code\motor_control.c:200: Mot1_forward=pwm_count>number1?0:1;
0183 C3         901            clr     c
0184 E590       902            mov     a,_number1
0186 95D0       903            subb    a,_pwm_count
0188 9268       904            mov  _Timer2_ISR_sloc0_1_0,c
018A B3         905            cpl     c
018B 9296       906            mov     _P1_6,c
018D            907   ;        C:\Users\carso\Documents\1. School\0. Spring 2018\Elec 292\project1\elec291-292-AACHJY\Project2Files\C\Driving Code\motor_control.c:201: Mot1_reverse=pwm_count>number2?0:1;
018D C3         908            clr     c
018E E550       909            mov     a,_number2
0190 95D0       910            subb    a,_pwm_count
0192 9268       911            mov  _Timer2_ISR_sloc0_1_0,c
0194 B3         912            cpl     c
0195 9297       913            mov     _P1_7,c
0197            914   ;        C:\Users\carso\Documents\1. School\0. Spring 2018\Elec 292\project1\elec291-292-AACHJY\Project2Files\C\Driving Code\motor_control.c:203: Mot2_forward=pwm_count>number3?0:1;
0197 C3         915            clr     c
0198 E510       916            mov     a,_number3
019A 95D0       917            subb    a,_pwm_count
019C 9268       918            mov  _Timer2_ISR_sloc0_1_0,c
019E B3         919            cpl     c
019F 9293       920            mov     _P1_3,c
01A1            921   ;        C:\Users\carso\Documents\1. School\0. Spring 2018\Elec 292\project1\elec291-292-AACHJY\Project2Files\C\Driving Code\motor_control.c:204: Mot2_reverse=pwm_count>number4?0:1;
01A1 C3         922            clr     c
01A2 E5D0       923            mov     a,_number4
01A4 95D0       924            subb    a,_pwm_count
01A6 9268       925            mov  _Timer2_ISR_sloc0_1_0,c
01A8 B3         926            cpl     c
01A9 9294       927            mov     _P1_4,c
01AB D0D0       928            pop     psw
01AD D0E0       929            pop     acc
01AF 32         930            reti
01B0            931   ;        eliminated unneeded push/pop dpl
01B0            932   ;        eliminated unneeded push/pop dph
01B0            933   ;        eliminated unneeded push/pop b
01B0            934   ;------------------------------------------------------------
01B0            935   ;Allocation info for local variables in function 'go_straight'
01B0            936   ;------------------------------------------------------------
01B0            937   ;speed                     Allocated to registers r2 
01B0            938   ;------------------------------------------------------------
01B0            939   ;        C:\Users\carso\Documents\1. School\0. Spring 2018\Elec 292\project1\elec291-292-AACHJY\Project2Files\C\Driving Code\motor_control.c:219: void go_straight(char speed){
01B0            940   ;        -----------------------------------------
01B0            941   ;         function go_straight
01B0            942   ;        -----------------------------------------
01B0            943   _go_straight:
01B0 AA82       944            mov     r2,dpl
01B2            945   ;        C:\Users\carso\Documents\1. School\0. Spring 2018\Elec 292\project1\elec291-292-AACHJY\Project2Files\C\Driving Code\motor_control.c:221: number1=speed;
01B2 8A90       946            mov     _number1,r2
01B4            947   ;        C:\Users\carso\Documents\1. School\0. Spring 2018\Elec 292\project1\elec291-292-AACHJY\Project2Files\C\Driving Code\motor_control.c:222: number3=speed;
01B4 8A10       948            mov     _number3,r2
01B6            949   ;        C:\Users\carso\Documents\1. School\0. Spring 2018\Elec 292\project1\elec291-292-AACHJY\Project2Files\C\Driving Code\motor_control.c:223: number2=0;
01B6 755000     950            mov     _number2,#0x00
01B9            951   ;        C:\Users\carso\Documents\1. School\0. Spring 2018\Elec 292\project1\elec291-292-AACHJY\Project2Files\C\Driving Code\motor_control.c:224: number4=0;
01B9 75D000     952            mov     _number4,#0x00
01BC 22         953            ret
01BD            954   ;------------------------------------------------------------
01BD            955   ;Allocation info for local variables in function 'go_reverse'
01BD            956   ;------------------------------------------------------------
01BD            957   ;speed                     Allocated to registers r2 
01BD            958   ;------------------------------------------------------------
01BD            959   ;        C:\Users\carso\Documents\1. School\0. Spring 2018\Elec 292\project1\elec291-292-AACHJY\Project2Files\C\Driving Code\motor_control.c:228: void go_reverse(char speed){
01BD            960   ;        -----------------------------------------
01BD            961   ;         function go_reverse
01BD            962   ;        -----------------------------------------
01BD            963   _go_reverse:
01BD AA82       964            mov     r2,dpl
01BF            965   ;        C:\Users\carso\Documents\1. School\0. Spring 2018\Elec 292\project1\elec291-292-AACHJY\Project2Files\C\Driving Code\motor_control.c:230: number1=0;
01BF 759000     966            mov     _number1,#0x00
01C2            967   ;        C:\Users\carso\Documents\1. School\0. Spring 2018\Elec 292\project1\elec291-292-AACHJY\Project2Files\C\Driving Code\motor_control.c:231: number3=0;
01C2 751000     968            mov     _number3,#0x00
01C5            969   ;        C:\Users\carso\Documents\1. School\0. Spring 2018\Elec 292\project1\elec291-292-AACHJY\Project2Files\C\Driving Code\motor_control.c:232: number2=speed;
01C5 8A50       970            mov     _number2,r2
01C7            971   ;        C:\Users\carso\Documents\1. School\0. Spring 2018\Elec 292\project1\elec291-292-AACHJY\Project2Files\C\Driving Code\motor_control.c:233: number4=speed;
01C7 8AD0       972            mov     _number4,r2
01C9 22         973            ret
01CA            974   ;------------------------------------------------------------
01CA            975   ;Allocation info for local variables in function 'turn_west'
01CA            976   ;------------------------------------------------------------
01CA            977   ;speed                     Allocated to registers r2 
01CA            978   ;------------------------------------------------------------
01CA            979   ;        C:\Users\carso\Documents\1. School\0. Spring 2018\Elec 292\project1\elec291-292-AACHJY\Project2Files\C\Driving Code\motor_control.c:237: void turn_west(char speed){
01CA            980   ;        -----------------------------------------
01CA            981   ;         function turn_west
01CA            982   ;        -----------------------------------------
01CA            983   _turn_west:
01CA AA82       984            mov     r2,dpl
01CC            985   ;        C:\Users\carso\Documents\1. School\0. Spring 2018\Elec 292\project1\elec291-292-AACHJY\Project2Files\C\Driving Code\motor_control.c:239: number1=0;
01CC 759000     986            mov     _number1,#0x00
01CF            987   ;        C:\Users\carso\Documents\1. School\0. Spring 2018\Elec 292\project1\elec291-292-AACHJY\Project2Files\C\Driving Code\motor_control.c:240: number3=speed;
01CF 8A10       988            mov     _number3,r2
01D1            989   ;        C:\Users\carso\Documents\1. School\0. Spring 2018\Elec 292\project1\elec291-292-AACHJY\Project2Files\C\Driving Code\motor_control.c:241: number2=speed;
01D1 8A50       990            mov     _number2,r2
01D3            991   ;        C:\Users\carso\Documents\1. School\0. Spring 2018\Elec 292\project1\elec291-292-AACHJY\Project2Files\C\Driving Code\motor_control.c:242: number4=0;
01D3 75D000     992            mov     _number4,#0x00
01D6 22         993            ret
01D7            994   ;------------------------------------------------------------
01D7            995   ;Allocation info for local variables in function 'turn_east'
01D7            996   ;------------------------------------------------------------
01D7            997   ;speed                     Allocated to registers r2 
01D7            998   ;------------------------------------------------------------
01D7            999   ;        C:\Users\carso\Documents\1. School\0. Spring 2018\Elec 292\project1\elec291-292-AACHJY\Project2Files\C\Driving Code\motor_control.c:245: void turn_east(char speed){
01D7           1000   ;        -----------------------------------------
01D7           1001   ;         function turn_east
01D7           1002   ;        -----------------------------------------
01D7           1003   _turn_east:
01D7 AA82      1004            mov     r2,dpl
01D9           1005   ;        C:\Users\carso\Documents\1. School\0. Spring 2018\Elec 292\project1\elec291-292-AACHJY\Project2Files\C\Driving Code\motor_control.c:247: number1=speed;
01D9 8A90      1006            mov     _number1,r2
01DB           1007   ;        C:\Users\carso\Documents\1. School\0. Spring 2018\Elec 292\project1\elec291-292-AACHJY\Project2Files\C\Driving Code\motor_control.c:248: number3=0;
01DB 751000    1008            mov     _number3,#0x00
01DE           1009   ;        C:\Users\carso\Documents\1. School\0. Spring 2018\Elec 292\project1\elec291-292-AACHJY\Project2Files\C\Driving Code\motor_control.c:249: number2=0;
01DE 755000    1010            mov     _number2,#0x00
01E1           1011   ;        C:\Users\carso\Documents\1. School\0. Spring 2018\Elec 292\project1\elec291-292-AACHJY\Project2Files\C\Driving Code\motor_control.c:250: number4=speed;
01E1 8AD0      1012            mov     _number4,r2
01E3 22        1013            ret
01E4           1014   ;------------------------------------------------------------
01E4           1015   ;Allocation info for local variables in function 'turn_NW'
01E4           1016   ;------------------------------------------------------------
01E4           1017   ;speed                     Allocated to registers r2 
01E4           1018   ;------------------------------------------------------------
01E4           1019   ;        C:\Users\carso\Documents\1. School\0. Spring 2018\Elec 292\project1\elec291-292-AACHJY\Project2Files\C\Driving Code\motor_control.c:254: void turn_NW(char speed){
01E4           1020   ;        -----------------------------------------
01E4           1021   ;         function turn_NW
01E4           1022   ;        -----------------------------------------
01E4           1023   _turn_NW:
01E4 AA82      1024            mov     r2,dpl
01E6           1025   ;        C:\Users\carso\Documents\1. School\0. Spring 2018\Elec 292\project1\elec291-292-AACHJY\Project2Files\C\Driving Code\motor_control.c:256: number1=speed;
01E6 8A90      1026            mov     _number1,r2
01E8           1027   ;        C:\Users\carso\Documents\1. School\0. Spring 2018\Elec 292\project1\elec291-292-AACHJY\Project2Files\C\Driving Code\motor_control.c:257: number3=speed/2;
01E8 C2D5      1028            clr     F0
01EA 75F002    1029            mov     b,#0x02
01ED EA        1030            mov     a,r2
01EE 30E728    1031            jnb     acc.7,L011003?
01F1 B2D5      1032            cpl     F0
01F3 F4        1033            cpl     a
01F4 04        1034            inc     a
01F5           1035   L011003?:
01F5 84        1036            div     ab
01F6 30D568    1037            jnb     F0,L011004?
01F9 F4        1038            cpl     a
01FA 04        1039            inc     a
01FB           1040   L011004?:
01FB F510      1041            mov     _number3,a
01FD           1042   ;        C:\Users\carso\Documents\1. School\0. Spring 2018\Elec 292\project1\elec291-292-AACHJY\Project2Files\C\Driving Code\motor_control.c:258: number2=0;
01FD 755000    1043            mov     _number2,#0x00
0200           1044   ;        C:\Users\carso\Documents\1. School\0. Spring 2018\Elec 292\project1\elec291-292-AACHJY\Project2Files\C\Driving Code\motor_control.c:259: number4=0;
0200 75D000    1045            mov     _number4,#0x00
0203 22        1046            ret
0204           1047   ;------------------------------------------------------------
0204           1048   ;Allocation info for local variables in function 'turn_NE'
0204           1049   ;------------------------------------------------------------
0204           1050   ;speed                     Allocated to registers r2 
0204           1051   ;------------------------------------------------------------
0204           1052   ;        C:\Users\carso\Documents\1. School\0. Spring 2018\Elec 292\project1\elec291-292-AACHJY\Project2Files\C\Driving Code\motor_control.c:263: void turn_NE(char speed){
0204           1053   ;        -----------------------------------------
0204           1054   ;         function turn_NE
0204           1055   ;        -----------------------------------------
0204           1056   _turn_NE:
0204 AA82      1057            mov     r2,dpl
0206           1058   ;        C:\Users\carso\Documents\1. School\0. Spring 2018\Elec 292\project1\elec291-292-AACHJY\Project2Files\C\Driving Code\motor_control.c:265: number1=speed/2;
0206 C2D5      1059            clr     F0
0208 75F002    1060            mov     b,#0x02
020B EA        1061            mov     a,r2
020C 30E7A8    1062            jnb     acc.7,L012003?
020F B2D5      1063            cpl     F0
0211 F4        1064            cpl     a
0212 04        1065            inc     a
0213           1066   L012003?:
0213 84        1067            div     ab
0214 30D5E8    1068            jnb     F0,L012004?
0217 F4        1069            cpl     a
0218 04        1070            inc     a
0219           1071   L012004?:
0219 F590      1072            mov     _number1,a
021B           1073   ;        C:\Users\carso\Documents\1. School\0. Spring 2018\Elec 292\project1\elec291-292-AACHJY\Project2Files\C\Driving Code\motor_control.c:266: number3=speed;
021B 8A10      1074            mov     _number3,r2
021D           1075   ;        C:\Users\carso\Documents\1. School\0. Spring 2018\Elec 292\project1\elec291-292-AACHJY\Project2Files\C\Driving Code\motor_control.c:267: number2=0;
021D 755000    1076            mov     _number2,#0x00
0220           1077   ;        C:\Users\carso\Documents\1. School\0. Spring 2018\Elec 292\project1\elec291-292-AACHJY\Project2Files\C\Driving Code\motor_control.c:268: number4=0;
0220 75D000    1078            mov     _number4,#0x00
0223 22        1079            ret
0224           1080   ;------------------------------------------------------------
0224           1081   ;Allocation info for local variables in function 'stop'
0224           1082   ;------------------------------------------------------------
0224           1083   ;------------------------------------------------------------
0224           1084   ;        C:\Users\carso\Documents\1. School\0. Spring 2018\Elec 292\project1\elec291-292-AACHJY\Project2Files\C\Driving Code\motor_control.c:272: void stop(){
0224           1085   ;        -----------------------------------------
0224           1086   ;         function stop
0224           1087   ;        -----------------------------------------
0224           1088   _stop:
0224           1089   ;        C:\Users\carso\Documents\1. School\0. Spring 2018\Elec 292\project1\elec291-292-AACHJY\Project2Files\C\Driving Code\motor_control.c:274: number1=0;
0224 759000    1090            mov     _number1,#0x00
0227           1091   ;        C:\Users\carso\Documents\1. School\0. Spring 2018\Elec 292\project1\elec291-292-AACHJY\Project2Files\C\Driving Code\motor_control.c:275: number2=0;
0227 755000    1092            mov     _number2,#0x00
022A           1093   ;        C:\Users\carso\Documents\1. School\0. Spring 2018\Elec 292\project1\elec291-292-AACHJY\Project2Files\C\Driving Code\motor_control.c:276: number3=0;
022A 751000    1094            mov     _number3,#0x00
022D           1095   ;        C:\Users\carso\Documents\1. School\0. Spring 2018\Elec 292\project1\elec291-292-AACHJY\Project2Files\C\Driving Code\motor_control.c:277: number4=0;
022D 75D000    1096            mov     _number4,#0x00
0230 22        1097            ret
0231           1098   ;------------------------------------------------------------
0231           1099   ;Allocation info for local variables in function 'main'
0231           1100   ;------------------------------------------------------------
0231           1101   ;num1                      Allocated with name '_main_num1_1_70'
0231           1102   ;speed                     Allocated with name '_main_speed_1_70'
0231           1103   ;direction                 Allocated to registers r2 
0231           1104   ;------------------------------------------------------------
0231           1105   ;        C:\Users\carso\Documents\1. School\0. Spring 2018\Elec 292\project1\elec291-292-AACHJY\Project2Files\C\Driving Code\motor_control.c:281: void main (void)
0231           1106   ;        -----------------------------------------
0231           1107   ;         function main
0231           1108   ;        -----------------------------------------
0231           1109   _main:
0231           1110   ;        C:\Users\carso\Documents\1. School\0. Spring 2018\Elec 292\project1\elec291-292-AACHJY\Project2Files\C\Driving Code\motor_control.c:286: char speed=0;
0231 751800    1111            mov     _main_speed_1_70,#0x00
0234           1112   ;        C:\Users\carso\Documents\1. School\0. Spring 2018\Elec 292\project1\elec291-292-AACHJY\Project2Files\C\Driving Code\motor_control.c:292: waitms(1000);
0234 9003E8    1113            mov     dptr,#0x03E8
0237 120100    1114            lcall   _waitms
023A           1115   ;        C:\Users\carso\Documents\1. School\0. Spring 2018\Elec 292\project1\elec291-292-AACHJY\Project2Files\C\Driving Code\motor_control.c:294: printf("\x1b[2J"); // Clear screen using ANSI escape sequence.
023A 7428      1116            mov     a,#__str_0
023C C0E0      1117            push    acc
023E 74BF      1118            mov     a,#(__str_0 >> 8)
0240 C0E0      1119            push    acc
0242 7480      1120            mov     a,#0x80
0244 C0E0      1121            push    acc
0246 120100    1122            lcall   _printf
0249 1581      1123            dec     sp
024B 1581      1124            dec     sp
024D 1581      1125            dec     sp
024F           1126   ;        C:\Users\carso\Documents\1. School\0. Spring 2018\Elec 292\project1\elec291-292-AACHJY\Project2Files\C\Driving Code\motor_control.c:296: "Use ASWDQE to control its direction! \r\n");
024F 74E8      1127            mov     a,#__str_1
0251 C0E0      1128            push    acc
0253 74BF      1129            mov     a,#(__str_1 >> 8)
0255 C0E0      1130            push    acc
0257 7480      1131            mov     a,#0x80
0259 C0E0      1132            push    acc
025B 120100    1133            lcall   _printf
025E 1581      1134            dec     sp
0260 1581      1135            dec     sp
0262 1581      1136            dec     sp
0264           1137   ;        C:\Users\carso\Documents\1. School\0. Spring 2018\Elec 292\project1\elec291-292-AACHJY\Project2Files\C\Driving Code\motor_control.c:298: printf("Enter a speed between 0 and 100\n"); 
0264 7428      1138            mov     a,#__str_2
0266 C0E0      1139            push    acc
0268 74C0      1140            mov     a,#(__str_2 >> 8)
026A C0E0      1141            push    acc
026C 7480      1142            mov     a,#0x80
026E C0E0      1143            push    acc
0270 120100    1144            lcall   _printf
0273 1581      1145            dec     sp
0275 1581      1146            dec     sp
0277 1581      1147            dec     sp
0279           1148   ;        C:\Users\carso\Documents\1. School\0. Spring 2018\Elec 292\project1\elec291-292-AACHJY\Project2Files\C\Driving Code\motor_control.c:299: getsn(num1, ARRAY_SIZE); //numbers separated by an enter
0279 759004    1149            mov     _getsn_PARM_2,#0x04
027C E4        1150            clr     a
027D F591      1151            mov     (_getsn_PARM_2 + 1),a
027F 90B6C8    1152            mov     dptr,#_main_num1_1_70
0282 75F040    1153            mov     b,#0x40
0285 120100    1154            lcall   _getsn
0288           1155   ;        C:\Users\carso\Documents\1. School\0. Spring 2018\Elec 292\project1\elec291-292-AACHJY\Project2Files\C\Driving Code\motor_control.c:302: sscanf(num1, "%i", &speed);
0288 7418      1156            mov     a,#_main_speed_1_70
028A C0E0      1157            push    acc
028C 74B7      1158            mov     a,#(_main_speed_1_70 >> 8)
028E C0E0      1159            push    acc
0290 7440      1160            mov     a,#0x40
0292 C0E0      1161            push    acc
0294 7468      1162            mov     a,#__str_3
0296 C0E0      1163            push    acc
0298 74C0      1164            mov     a,#(__str_3 >> 8)
029A C0E0      1165            push    acc
029C 7480      1166            mov     a,#0x80
029E C0E0      1167            push    acc
02A0 74C8      1168            mov     a,#_main_num1_1_70
02A2 C0E0      1169            push    acc
02A4 74B6      1170            mov     a,#(_main_num1_1_70 >> 8)
02A6 C0E0      1171            push    acc
02A8 7440      1172            mov     a,#0x40
02AA C0E0      1173            push    acc
02AC 120100    1174            lcall   _sscanf
02AF E581      1175            mov     a,sp
02B1 24F7      1176            add     a,#0xf7
02B3 F581      1177            mov     sp,a
02B5           1178   ;        C:\Users\carso\Documents\1. School\0. Spring 2018\Elec 292\project1\elec291-292-AACHJY\Project2Files\C\Driving Code\motor_control.c:307: while(1)
02B5           1179   L014012?:
02B5           1180   ;        C:\Users\carso\Documents\1. School\0. Spring 2018\Elec 292\project1\elec291-292-AACHJY\Project2Files\C\Driving Code\motor_control.c:312: if(getchar()=='\r'){
02B5 120100    1181            lcall   _getchar
02B8 AA82      1182            mov     r2,dpl
02BA BA0D28    1183            cjne    r2,#0x0D,L014002?
02BD           1184   ;        C:\Users\carso\Documents\1. School\0. Spring 2018\Elec 292\project1\elec291-292-AACHJY\Project2Files\C\Driving Code\motor_control.c:313: printf("Enter a speed between 0 and 100\n"); 
02BD 7428      1185            mov     a,#__str_2
02BF C0E0      1186            push    acc
02C1 74C0      1187            mov     a,#(__str_2 >> 8)
02C3 C0E0      1188            push    acc
02C5 7480      1189            mov     a,#0x80
02C7 C0E0      1190            push    acc
02C9 120100    1191            lcall   _printf
02CC 1581      1192            dec     sp
02CE 1581      1193            dec     sp
02D0 1581      1194            dec     sp
02D2           1195   ;        C:\Users\carso\Documents\1. School\0. Spring 2018\Elec 292\project1\elec291-292-AACHJY\Project2Files\C\Driving Code\motor_control.c:314: getsn(num1, ARRAY_SIZE); //numbers separated by an enter
02D2 759004    1196            mov     _getsn_PARM_2,#0x04
02D5 E4        1197            clr     a
02D6 F591      1198            mov     (_getsn_PARM_2 + 1),a
02D8 90B6C8    1199            mov     dptr,#_main_num1_1_70
02DB 75F040    1200            mov     b,#0x40
02DE 120100    1201            lcall   _getsn
02E1           1202   ;        C:\Users\carso\Documents\1. School\0. Spring 2018\Elec 292\project1\elec291-292-AACHJY\Project2Files\C\Driving Code\motor_control.c:317: sscanf(num1, "%i", &speed);
02E1 7418      1203            mov     a,#_main_speed_1_70
02E3 C0E0      1204            push    acc
02E5 74B7      1205            mov     a,#(_main_speed_1_70 >> 8)
02E7 C0E0      1206            push    acc
02E9 7440      1207            mov     a,#0x40
02EB C0E0      1208            push    acc
02ED 7468      1209            mov     a,#__str_3
02EF C0E0      1210            push    acc
02F1 74C0      1211            mov     a,#(__str_3 >> 8)
02F3 C0E0      1212            push    acc
02F5 7480      1213            mov     a,#0x80
02F7 C0E0      1214            push    acc
02F9 74C8      1215            mov     a,#_main_num1_1_70
02FB C0E0      1216            push    acc
02FD 74B6      1217            mov     a,#(_main_num1_1_70 >> 8)
02FF C0E0      1218            push    acc
0301 7440      1219            mov     a,#0x40
0303 C0E0      1220            push    acc
0305 120100    1221            lcall   _sscanf
0308 E581      1222            mov     a,sp
030A 24F7      1223            add     a,#0xf7
030C F581      1224            mov     sp,a
030E           1225   L014002?:
030E           1226   ;        C:\Users\carso\Documents\1. School\0. Spring 2018\Elec 292\project1\elec291-292-AACHJY\Project2Files\C\Driving Code\motor_control.c:341: direction=getchar();
030E 120100    1227            lcall   _getchar
0311 AA82      1228            mov     r2,dpl
0313           1229   ;        C:\Users\carso\Documents\1. School\0. Spring 2018\Elec 292\project1\elec291-292-AACHJY\Project2Files\C\Driving Code\motor_control.c:343: switch(direction){
0313 BA6168    1230            cjne    r2,#0x61,L014026?
0316 8001      1231            sjmp    L014005?
0318           1232   L014026?:
0318 BA64E8    1233            cjne    r2,#0x64,L014027?
031B 8001      1234            sjmp    L014006?
031D           1235   L014027?:
031D BA6568    1236            cjne    r2,#0x65,L014028?
0320 8001      1237            sjmp    L014007?
0322           1238   L014028?:
0322 BA71E8    1239            cjne    r2,#0x71,L014029?
0325 8001      1240            sjmp    L014008?
0327           1241   L014029?:
0327 BA7368    1242            cjne    r2,#0x73,L014030?
032A 8001      1243            sjmp    L014004?
032C           1244   L014030?:
032C BA77E8    1245            cjne    r2,#0x77,L014009?
032F           1246   ;        C:\Users\carso\Documents\1. School\0. Spring 2018\Elec 292\project1\elec291-292-AACHJY\Project2Files\C\Driving Code\motor_control.c:347: go_straight(speed);
032F 851882    1247            mov     dpl,_main_speed_1_70
0332 120100    1248            lcall   _go_straight
0335           1249   ;        C:\Users\carso\Documents\1. School\0. Spring 2018\Elec 292\project1\elec291-292-AACHJY\Project2Files\C\Driving Code\motor_control.c:350: break;
0335 020100    1250            ljmp    L014012?
0338           1251   ;        C:\Users\carso\Documents\1. School\0. Spring 2018\Elec 292\project1\elec291-292-AACHJY\Project2Files\C\Driving Code\motor_control.c:353: case south: 
0338           1252   L014004?:
0338           1253   ;        C:\Users\carso\Documents\1. School\0. Spring 2018\Elec 292\project1\elec291-292-AACHJY\Project2Files\C\Driving Code\motor_control.c:355: go_reverse(speed);
0338 851882    1254            mov     dpl,_main_speed_1_70
033B 120100    1255            lcall   _go_reverse
033E           1256   ;        C:\Users\carso\Documents\1. School\0. Spring 2018\Elec 292\project1\elec291-292-AACHJY\Project2Files\C\Driving Code\motor_control.c:358: break;
033E 020100    1257            ljmp    L014012?
0341           1258   ;        C:\Users\carso\Documents\1. School\0. Spring 2018\Elec 292\project1\elec291-292-AACHJY\Project2Files\C\Driving Code\motor_control.c:361: case west: 
0341           1259   L014005?:
0341           1260   ;        C:\Users\carso\Documents\1. School\0. Spring 2018\Elec 292\project1\elec291-292-AACHJY\Project2Files\C\Driving Code\motor_control.c:363: turn_west(speed);
0341 851882    1261            mov     dpl,_main_speed_1_70
0344 120100    1262            lcall   _turn_west
0347           1263   ;        C:\Users\carso\Documents\1. School\0. Spring 2018\Elec 292\project1\elec291-292-AACHJY\Project2Files\C\Driving Code\motor_control.c:364: break;
0347 020100    1264            ljmp    L014012?
034A           1265   ;        C:\Users\carso\Documents\1. School\0. Spring 2018\Elec 292\project1\elec291-292-AACHJY\Project2Files\C\Driving Code\motor_control.c:367: case east: 
034A           1266   L014006?:
034A           1267   ;        C:\Users\carso\Documents\1. School\0. Spring 2018\Elec 292\project1\elec291-292-AACHJY\Project2Files\C\Driving Code\motor_control.c:369: turn_east(speed);
034A 851882    1268            mov     dpl,_main_speed_1_70
034D 120100    1269            lcall   _turn_east
0350           1270   ;        C:\Users\carso\Documents\1. School\0. Spring 2018\Elec 292\project1\elec291-292-AACHJY\Project2Files\C\Driving Code\motor_control.c:370: break;
0350 020100    1271            ljmp    L014012?
0353           1272   ;        C:\Users\carso\Documents\1. School\0. Spring 2018\Elec 292\project1\elec291-292-AACHJY\Project2Files\C\Driving Code\motor_control.c:373: case NW: 
0353           1273   L014007?:
0353           1274   ;        C:\Users\carso\Documents\1. School\0. Spring 2018\Elec 292\project1\elec291-292-AACHJY\Project2Files\C\Driving Code\motor_control.c:375: turn_NW(speed);
0353 851882    1275            mov     dpl,_main_speed_1_70
0356 120100    1276            lcall   _turn_NW
0359           1277   ;        C:\Users\carso\Documents\1. School\0. Spring 2018\Elec 292\project1\elec291-292-AACHJY\Project2Files\C\Driving Code\motor_control.c:376: break;
0359 020100    1278            ljmp    L014012?
035C           1279   ;        C:\Users\carso\Documents\1. School\0. Spring 2018\Elec 292\project1\elec291-292-AACHJY\Project2Files\C\Driving Code\motor_control.c:380: case NE: 
035C           1280   L014008?:
035C           1281   ;        C:\Users\carso\Documents\1. School\0. Spring 2018\Elec 292\project1\elec291-292-AACHJY\Project2Files\C\Driving Code\motor_control.c:382: turn_NE(speed);
035C 851882    1282            mov     dpl,_main_speed_1_70
035F 120100    1283            lcall   _turn_NE
0362           1284   ;        C:\Users\carso\Documents\1. School\0. Spring 2018\Elec 292\project1\elec291-292-AACHJY\Project2Files\C\Driving Code\motor_control.c:383: break;
0362 020100    1285            ljmp    L014012?
0365           1286   ;        C:\Users\carso\Documents\1. School\0. Spring 2018\Elec 292\project1\elec291-292-AACHJY\Project2Files\C\Driving Code\motor_control.c:386: default: 
0365           1287   L014009?:
0365           1288   ;        C:\Users\carso\Documents\1. School\0. Spring 2018\Elec 292\project1\elec291-292-AACHJY\Project2Files\C\Driving Code\motor_control.c:388: stop();
0365 120100    1289            lcall   _stop
0368           1290   ;        C:\Users\carso\Documents\1. School\0. Spring 2018\Elec 292\project1\elec291-292-AACHJY\Project2Files\C\Driving Code\motor_control.c:394: direction='0'; //reset direction so it stops if no direction selected. 
0368 020100    1291            ljmp    L014012?
036B           1292            rseg R_CSEG
036B           1293   
0000           1294            rseg R_XINIT
0000           1295   
0000           1296            rseg R_CONST
0000           1297   __str_0:
0000 1B        1298            db 0x1B
0001 5B324A    1299            db '[2J'
0004 00        1300            db 0x00
0005           1301   __str_1:
0005 44726976  1302            db 'Drive the car!'
     65207468
     65206361
     7221
0013 0D        1303            db 0x0D
0014 0A        1304            db 0x0A
0015 55736520  1305            db 'Use ASWDQE to control its direction! '
     41535744
     51452074
     6F20636F
     6E74726F
     6C206974
     73206469
     72656374
     696F6E21
     20
003A 0D        1306            db 0x0D
003B 0A        1307            db 0x0A
003C 00        1308            db 0x00
003D           1309   __str_2:
003D 456E7465  1310            db 'Enter a speed between 0 and 100'
     72206120
     73706565
     64206265
     74776565
     6E203020
     616E6420
     313030
005C 0A        1311            db 0x0A
005D 00        1312            db 0x00
005E           1313   __str_3:
005E 2569      1314            db '%i'
0060 00        1315            db 0x00
0061           1316   
002E           1317            CSEG
002E           1318   
002E           1319   end
