                 -1   $MODLP51
0000              1   ;--------------------------------------------------------
0000              2   ; Special Function Registers
0000              3   ;--------------------------------------------------------
0000              4   ACC            DATA 0xe0
0000              5   B              DATA 0xf0
0000              6   PSW            DATA 0xd0
0000              7   SP             DATA 0x81
0000              8   SPX            DATA 0xef
0000              9   DPL            DATA 0x82
0000             10   DPH            DATA 0x83
0000             11   DPLB           DATA 0xd4
0000             12   DPHB           DATA 0xd5
0000             13   PAGE           DATA 0xf6
0000             14   AX             DATA 0xe1
0000             15   BX             DATA 0xf7
0000             16   DSPR           DATA 0xe2
0000             17   FIRD           DATA 0xe3
0000             18   MACL           DATA 0xe4
0000             19   MACH           DATA 0xe5
0000             20   PCON           DATA 0x87
0000             21   AUXR           DATA 0x8e
0000             22   AUXR1          DATA 0xa2
0000             23   DPCF           DATA 0xa1
0000             24   CKRL           DATA 0x97
0000             25   CKCKON0        DATA 0x8f
0000             26   CKCKON1        DATA 0xaf
0000             27   CKSEL          DATA 0x85
0000             28   CLKREG         DATA 0xae
0000             29   OSCCON         DATA 0x85
0000             30   IE             DATA 0xa8
0000             31   IEN0           DATA 0xa8
0000             32   IEN1           DATA 0xb1
0000             33   IPH0           DATA 0xb7
0000             34   IP             DATA 0xb8
0000             35   IPL0           DATA 0xb8
0000             36   IPH1           DATA 0xb3
0000             37   IPL1           DATA 0xb2
0000             38   P0             DATA 0x80
0000             39   P1             DATA 0x90
0000             40   P2             DATA 0xa0
0000             41   P3             DATA 0xb0
0000             42   P4             DATA 0xc0
0000             43   P0M0           DATA 0xe6
0000             44   P0M1           DATA 0xe7
0000             45   P1M0           DATA 0xd6
0000             46   P1M1           DATA 0xd7
0000             47   P2M0           DATA 0xce
0000             48   P2M1           DATA 0xcf
0000             49   P3M0           DATA 0xc6
0000             50   P3M1           DATA 0xc7
0000             51   P4M0           DATA 0xbe
0000             52   P4M1           DATA 0xbf
0000             53   SCON           DATA 0x98
0000             54   SBUF           DATA 0x99
0000             55   SADEN          DATA 0xb9
0000             56   SADDR          DATA 0xa9
0000             57   BDRCON         DATA 0x9b
0000             58   BRL            DATA 0x9a
0000             59   TCON           DATA 0x88
0000             60   TMOD           DATA 0x89
0000             61   TCONB          DATA 0x91
0000             62   TL0            DATA 0x8a
0000             63   TH0            DATA 0x8c
0000             64   TL1            DATA 0x8b
0000             65   TH1            DATA 0x8d
0000             66   RL0            DATA 0xf2
0000             67   RL1            DATA 0xf3
0000             68   RH0            DATA 0xf4
0000             69   RH1            DATA 0xf5
0000             70   WDTRST         DATA 0xa6
0000             71   WDTPRG         DATA 0xa7
0000             72   T2CON          DATA 0xc8
0000             73   T2MOD          DATA 0xc9
0000             74   RCAP2H         DATA 0xcb
0000             75   RCAP2L         DATA 0xca
0000             76   TH2            DATA 0xcd
0000             77   TL2            DATA 0xcc
0000             78   SPCON          DATA 0xc3
0000             79   SPSTA          DATA 0xc4
0000             80   SPDAT          DATA 0xc5
0000             81   SSCON          DATA 0x93
0000             82   SSCS           DATA 0x94
0000             83   SSDAT          DATA 0x95
0000             84   SSADR          DATA 0x96
0000             85   KBLS           DATA 0x9c
0000             86   KBE            DATA 0x9d
0000             87   KBF            DATA 0x9e
0000             88   KBMOD          DATA 0x9f
0000             89   BMSEL          DATA 0x92
0000             90   FCON           DATA 0xd2
0000             91   EECON          DATA 0xd2
0000             92   ACSRA          DATA 0xa3
0000             93   ACSRB          DATA 0xab
0000             94   AREF           DATA 0xbd
0000             95   DADC           DATA 0xa4
0000             96   DADI           DATA 0xa5
0000             97   DADL           DATA 0xac
0000             98   DADH           DATA 0xad
0000             99   CCON           DATA 0xd8
0000            100   CMOD           DATA 0xd9
0000            101   CL             DATA 0xe9
0000            102   CH             DATA 0xf9
0000            103   CCAPM0         DATA 0xda
0000            104   CCAPM1         DATA 0xdb
0000            105   CCAPM2         DATA 0xdc
0000            106   CCAPM3         DATA 0xdd
0000            107   CCAPM4         DATA 0xde
0000            108   CCAP0H         DATA 0xfa
0000            109   CCAP1H         DATA 0xfb
0000            110   CCAP2H         DATA 0xfc
0000            111   CCAP3H         DATA 0xfd
0000            112   CCAP4H         DATA 0xfe
0000            113   CCAP0L         DATA 0xea
0000            114   CCAP1L         DATA 0xeb
0000            115   CCAP2L         DATA 0xec
0000            116   CCAP3L         DATA 0xed
0000            117   CCAP4L         DATA 0xee
0000            118   ;--------------------------------------------------------
0000            119   ; special function bits
0000            120   ;--------------------------------------------------------
0000            121   P              BIT 0xd0
0000            122   F1             BIT 0xd1
0000            123   OV             BIT 0xd2
0000            124   RS0            BIT 0xd3
0000            125   RS1            BIT 0xd4
0000            126   F0             BIT 0xd5
0000            127   AC             BIT 0xd6
0000            128   CY             BIT 0xd7
0000            129   EX0            BIT 0xa8
0000            130   ET0            BIT 0xa9
0000            131   EX1            BIT 0xaa
0000            132   ET1            BIT 0xab
0000            133   ES             BIT 0xac
0000            134   ET2            BIT 0xad
0000            135   EC             BIT 0xae
0000            136   EA             BIT 0xaf
0000            137   PX0            BIT 0xb8
0000            138   PT0            BIT 0xb9
0000            139   PX1            BIT 0xba
0000            140   PT1            BIT 0xbb
0000            141   PS             BIT 0xbc
0000            142   PT2            BIT 0xbd
0000            143   IP0D           BIT 0xbf
0000            144   PPCL           BIT 0xbe
0000            145   PT2L           BIT 0xbd
0000            146   PLS            BIT 0xbc
0000            147   PT1L           BIT 0xbb
0000            148   PX1L           BIT 0xba
0000            149   PT0L           BIT 0xb9
0000            150   PX0L           BIT 0xb8
0000            151   RXD            BIT 0xb0
0000            152   TXD            BIT 0xb1
0000            153   INT0           BIT 0xb2
0000            154   INT1           BIT 0xb3
0000            155   T0             BIT 0xb4
0000            156   T1             BIT 0xb5
0000            157   WR             BIT 0xb6
0000            158   RD             BIT 0xb7
0000            159   RI             BIT 0x98
0000            160   TI             BIT 0x99
0000            161   RB8            BIT 0x9a
0000            162   TB8            BIT 0x9b
0000            163   REN            BIT 0x9c
0000            164   SM2            BIT 0x9d
0000            165   SM1            BIT 0x9e
0000            166   SM0            BIT 0x9f
0000            167   IT0            BIT 0x88
0000            168   IE0            BIT 0x89
0000            169   IT1            BIT 0x8a
0000            170   IE1            BIT 0x8b
0000            171   TR0            BIT 0x8c
0000            172   TF0            BIT 0x8d
0000            173   TR1            BIT 0x8e
0000            174   TF1            BIT 0x8f
0000            175   CP_RL2         BIT 0xc8
0000            176   C_T2           BIT 0xc9
0000            177   TR2            BIT 0xca
0000            178   EXEN2          BIT 0xcb
0000            179   TCLK           BIT 0xcc
0000            180   RCLK           BIT 0xcd
0000            181   EXF2           BIT 0xce
0000            182   TF2            BIT 0xcf
0000            183   CF             BIT 0xdf
0000            184   CR             BIT 0xde
0000            185   CCF4           BIT 0xdc
0000            186   CCF3           BIT 0xdb
0000            187   CCF2           BIT 0xda
0000            188   CCF1           BIT 0xd9
0000            189   CCF0           BIT 0xd8
0000              2   
0000              3   ; There is a couple of typos in MODLP51 in the definition of the timer 0/1 reload
0000              4   ; special function registers (SFRs), so:
0000              5   
0000              6   TIMER0_RELOAD_L DATA 0xf2
0000              7   TIMER1_RELOAD_L DATA 0xf3
0000              8   TIMER0_RELOAD_H DATA 0xf4
0000              9   TIMER1_RELOAD_H DATA 0xf5
0000             10   
0000             11   CLK           EQU 22118400 ; Microcontroller system crystal frequency in Hz
0000             12   TIMER0_RATE   EQU 4096     ; 2048Hz squarewave (peak amplitude of CEM-1203 speaker)
0000             13   TIMER0_RELOAD EQU ((65536-(CLK/TIMER0_RATE)))
0000             14   TIMER2_RATE   EQU 1000     ; 1000Hz, for a timer tick of 1ms
0000             15   TIMER2_RELOAD EQU ((65536-(CLK/TIMER2_RATE)))
0000             16   
0000             17   DUTY_0    EQU 0
0000             18   DUTY_20   EQU 51   ;256 * 0.2
0000             19   DUTY_50   EQU 128  ;256 * 0.5
0000             20   DUTY_100  EQU 255
0000             21   
0000             22   org 0x0000
0000 02004B      23      ljmp MainProgram
0003             24   
0003             25   ; External interrupt 0 vector (not used in this code)
0003             26   org 0x0003
0003 32          27            reti
0004             28   
0004             29   ; Timer/Counter 0 overflow interrupt vector
000B             30   org 0x000B
000B 32          31            reti
000C             32   
000C             33   ; External interrupt 1 vector (not used in this code)
0013             34   org 0x0013
0013 32          35            reti
0014             36   
0014             37   ; Timer/Counter 1 overflow interrupt vector (not used in this code)
001B             38   org 0x001B
001B 32          39            reti
001C             40   
001C             41   ; Serial port receive/transmit interrupt vector (not used in this code)
0023             42   org 0x0023 
0023 32          43            reti
0024             44            
0024             45   ; Timer/Counter 2 overflow interrupt vector
002B             46   org 0x002B
002B 32          47            reti
002C             48            
0030             49   DSEG at 0x30
0030             50   Count1ms:      ds 2 ; Used to determine when half second has passed
0032             51   x:             ds 4
0036             52   y:             ds 4
003A             53   bcd:           ds 5
003F             54   
0000             55   BSEG
0000             56   
002C             57   CSEG
002C             58            
002C             59   ;---------------------------------;
002C             60   ; Routine to initialize the ISR   ;
002C             61   ; for timer 1                     ; 
002C             62   ;---------------------------------;
002C             63   Timer1_Init:
002C E589        64            mov a, TMOD
002E 540F        65            anl a, #00001111B
0030 4410        66            orl a, #00010000B
0032 F589        67            mov TMOD, a
0034             68            
0034 758D80      69            mov TH1, #DUTY_50             ;Current count value
0037 758BFF      70            mov TL1, #255                 ;Linear Prescaling
003A             71            
003A 75F580      72            mov TIMER1_RELOAD_H, #DUTY_50 ;Duty cycle percentage
003D 75F3FF      73            mov TIMER1_RELOAD_L, #255     ;Frequency scaling/adjust f_out = f_sys/(256 * (256 - TL))
0040             74            
0040 E591        75            mov a, TCONB ;load TCONB for PWM settings
0042 5400        76            anl a, #00000000B
0044 4480        77            orl a, #10000000B
0046 F591        78            mov TCONB, a
0048             79            
0048 D28E        80            setb TR1
004A 32          81            reti
004B             82            
004B             83   MainProgram:
004B 75817F      84       mov SP, #7FH ; Set the stack pointer to the begining of idata
004E 12002C      85       lcall Timer1_Init
0051             86       
0051             87   forever:
0051 80FE        88            sjmp forever
0053             89   EN
