                 -1   $MODLP51
0000              1   ;--------------------------------------------------------
0000              2   ; Special Function Registers
0000              3   ;--------------------------------------------------------
0000              4   ACC            DATA 0xe0
0000              5   B              DATA 0xf0
0000              6   PSW            DATA 0xd0
0000              7   SP             DATA 0x81
0000              8   SPX            DATA 0xef
0000              9   DPL            DATA 0x82
0000             10   DPH            DATA 0x83
0000             11   DPLB           DATA 0xd4
0000             12   DPHB           DATA 0xd5
0000             13   PAGE           DATA 0xf6
0000             14   AX             DATA 0xe1
0000             15   BX             DATA 0xf7
0000             16   DSPR           DATA 0xe2
0000             17   FIRD           DATA 0xe3
0000             18   MACL           DATA 0xe4
0000             19   MACH           DATA 0xe5
0000             20   PCON           DATA 0x87
0000             21   AUXR           DATA 0x8e
0000             22   AUXR1          DATA 0xa2
0000             23   DPCF           DATA 0xa1
0000             24   CKRL           DATA 0x97
0000             25   CKCKON0        DATA 0x8f
0000             26   CKCKON1        DATA 0xaf
0000             27   CKSEL          DATA 0x85
0000             28   CLKREG         DATA 0xae
0000             29   OSCCON         DATA 0x85
0000             30   IE             DATA 0xa8
0000             31   IEN0           DATA 0xa8
0000             32   IEN1           DATA 0xb1
0000             33   IPH0           DATA 0xb7
0000             34   IP             DATA 0xb8
0000             35   IPL0           DATA 0xb8
0000             36   IPH1           DATA 0xb3
0000             37   IPL1           DATA 0xb2
0000             38   P0             DATA 0x80
0000             39   P1             DATA 0x90
0000             40   P2             DATA 0xa0
0000             41   P3             DATA 0xb0
0000             42   P4             DATA 0xc0
0000             43   P0M0           DATA 0xe6
0000             44   P0M1           DATA 0xe7
0000             45   P1M0           DATA 0xd6
0000             46   P1M1           DATA 0xd7
0000             47   P2M0           DATA 0xce
0000             48   P2M1           DATA 0xcf
0000             49   P3M0           DATA 0xc6
0000             50   P3M1           DATA 0xc7
0000             51   P4M0           DATA 0xbe
0000             52   P4M1           DATA 0xbf
0000             53   SCON           DATA 0x98
0000             54   SBUF           DATA 0x99
0000             55   SADEN          DATA 0xb9
0000             56   SADDR          DATA 0xa9
0000             57   BDRCON         DATA 0x9b
0000             58   BRL            DATA 0x9a
0000             59   TCON           DATA 0x88
0000             60   TMOD           DATA 0x89
0000             61   TCONB          DATA 0x91
0000             62   TL0            DATA 0x8a
0000             63   TH0            DATA 0x8c
0000             64   TL1            DATA 0x8b
0000             65   TH1            DATA 0x8d
0000             66   RL0            DATA 0xf2
0000             67   RL1            DATA 0xf3
0000             68   RH0            DATA 0xf4
0000             69   RH1            DATA 0xf5
0000             70   WDTRST         DATA 0xa6
0000             71   WDTPRG         DATA 0xa7
0000             72   T2CON          DATA 0xc8
0000             73   T2MOD          DATA 0xc9
0000             74   RCAP2H         DATA 0xcb
0000             75   RCAP2L         DATA 0xca
0000             76   TH2            DATA 0xcd
0000             77   TL2            DATA 0xcc
0000             78   SPCON          DATA 0xc3
0000             79   SPSTA          DATA 0xc4
0000             80   SPDAT          DATA 0xc5
0000             81   SSCON          DATA 0x93
0000             82   SSCS           DATA 0x94
0000             83   SSDAT          DATA 0x95
0000             84   SSADR          DATA 0x96
0000             85   KBLS           DATA 0x9c
0000             86   KBE            DATA 0x9d
0000             87   KBF            DATA 0x9e
0000             88   KBMOD          DATA 0x9f
0000             89   BMSEL          DATA 0x92
0000             90   FCON           DATA 0xd2
0000             91   EECON          DATA 0xd2
0000             92   ACSRA          DATA 0xa3
0000             93   ACSRB          DATA 0xab
0000             94   AREF           DATA 0xbd
0000             95   DADC           DATA 0xa4
0000             96   DADI           DATA 0xa5
0000             97   DADL           DATA 0xac
0000             98   DADH           DATA 0xad
0000             99   CCON           DATA 0xd8
0000            100   CMOD           DATA 0xd9
0000            101   CL             DATA 0xe9
0000            102   CH             DATA 0xf9
0000            103   CCAPM0         DATA 0xda
0000            104   CCAPM1         DATA 0xdb
0000            105   CCAPM2         DATA 0xdc
0000            106   CCAPM3         DATA 0xdd
0000            107   CCAPM4         DATA 0xde
0000            108   CCAP0H         DATA 0xfa
0000            109   CCAP1H         DATA 0xfb
0000            110   CCAP2H         DATA 0xfc
0000            111   CCAP3H         DATA 0xfd
0000            112   CCAP4H         DATA 0xfe
0000            113   CCAP0L         DATA 0xea
0000            114   CCAP1L         DATA 0xeb
0000            115   CCAP2L         DATA 0xec
0000            116   CCAP3L         DATA 0xed
0000            117   CCAP4L         DATA 0xee
0000            118   ;--------------------------------------------------------
0000            119   ; special function bits
0000            120   ;--------------------------------------------------------
0000            121   P              BIT 0xd0
0000            122   F1             BIT 0xd1
0000            123   OV             BIT 0xd2
0000            124   RS0            BIT 0xd3
0000            125   RS1            BIT 0xd4
0000            126   F0             BIT 0xd5
0000            127   AC             BIT 0xd6
0000            128   CY             BIT 0xd7
0000            129   EX0            BIT 0xa8
0000            130   ET0            BIT 0xa9
0000            131   EX1            BIT 0xaa
0000            132   ET1            BIT 0xab
0000            133   ES             BIT 0xac
0000            134   ET2            BIT 0xad
0000            135   EC             BIT 0xae
0000            136   EA             BIT 0xaf
0000            137   PX0            BIT 0xb8
0000            138   PT0            BIT 0xb9
0000            139   PX1            BIT 0xba
0000            140   PT1            BIT 0xbb
0000            141   PS             BIT 0xbc
0000            142   PT2            BIT 0xbd
0000            143   IP0D           BIT 0xbf
0000            144   PPCL           BIT 0xbe
0000            145   PT2L           BIT 0xbd
0000            146   PLS            BIT 0xbc
0000            147   PT1L           BIT 0xbb
0000            148   PX1L           BIT 0xba
0000            149   PT0L           BIT 0xb9
0000            150   PX0L           BIT 0xb8
0000            151   RXD            BIT 0xb0
0000            152   TXD            BIT 0xb1
0000            153   INT0           BIT 0xb2
0000            154   INT1           BIT 0xb3
0000            155   T0             BIT 0xb4
0000            156   T1             BIT 0xb5
0000            157   WR             BIT 0xb6
0000            158   RD             BIT 0xb7
0000            159   RI             BIT 0x98
0000            160   TI             BIT 0x99
0000            161   RB8            BIT 0x9a
0000            162   TB8            BIT 0x9b
0000            163   REN            BIT 0x9c
0000            164   SM2            BIT 0x9d
0000            165   SM1            BIT 0x9e
0000            166   SM0            BIT 0x9f
0000            167   IT0            BIT 0x88
0000            168   IE0            BIT 0x89
0000            169   IT1            BIT 0x8a
0000            170   IE1            BIT 0x8b
0000            171   TR0            BIT 0x8c
0000            172   TF0            BIT 0x8d
0000            173   TR1            BIT 0x8e
0000            174   TF1            BIT 0x8f
0000            175   CP_RL2         BIT 0xc8
0000            176   C_T2           BIT 0xc9
0000            177   TR2            BIT 0xca
0000            178   EXEN2          BIT 0xcb
0000            179   TCLK           BIT 0xcc
0000            180   RCLK           BIT 0xcd
0000            181   EXF2           BIT 0xce
0000            182   TF2            BIT 0xcf
0000            183   CF             BIT 0xdf
0000            184   CR             BIT 0xde
0000            185   CCF4           BIT 0xdc
0000            186   CCF3           BIT 0xdb
0000            187   CCF2           BIT 0xda
0000            188   CCF1           BIT 0xd9
0000            189   CCF0           BIT 0xd8
0000              2   
0000              3   ; There is a couple of typos in MODLP51 in the definition of the timer 0/1 reload
0000              4   ; special function registers (SFRs), so:
0000              5   
0000              6   TIMER0_RELOAD_L DATA 0xf2
0000              7   TIMER1_RELOAD_L DATA 0xf3
0000              8   TIMER0_RELOAD_H DATA 0xf4
0000              9   TIMER1_RELOAD_H DATA 0xf5
0000             10   
0000             11   CLK           EQU 22118400 ; Microcontroller system crystal frequency in Hz
0000             12   TIMER0_RATE   EQU 4096     ; 2048Hz squarewave (peak amplitude of CEM-1203 speaker)
0000             13   TIMER0_RELOAD EQU ((65536-(CLK/TIMER0_RATE)))
0000             14   TIMER2_RATE   EQU 1000     ; 1000Hz, for a timer tick of 1ms
0000             15   TIMER2_RELOAD EQU ((65536-(CLK/TIMER2_RATE)))
0000             16   MILLISECOND_WAIT equ 200                 ; how many milliseconds between temp samples
0000             17   
0000             18   org 0x0000
0000 020744      19      ljmp MainProgram
0003             20   
0003             21   ; External interrupt 0 vector (not used in this code)
0003             22   org 0x0003
0003 32          23            reti
0004             24   
0004             25   ; Timer/Counter 0 overflow interrupt vector
000B             26   org 0x000B
000B 020365      27            ljmp Timer0_ISR
000E             28   
000E             29   ; External interrupt 1 vector (not used in this code)
0013             30   org 0x0013
0013 32          31            reti
0014             32   
0014             33   ; Timer/Counter 1 overflow interrupt vector (not used in this code)
001B             34   org 0x001B
001B 32          35            reti
001C             36   
001C             37   ; Serial port receive/transmit interrupt vector (not used in this code)
0023             38   org 0x0023 
0023 32          39            reti
0024             40            
0024             41   ; Timer/Counter 2 overflow interrupt vector
002B             42   org 0x002B
002B 020381      43            ljmp Timer2_ISR
002E             44   
002E             45   BAUD equ 115200
002E             46   BRG_VAL equ (0x100-(CLK/(16*BAUD)))
002E             47   
002E             48   ; These ’EQU’ must match the wiring between the microcontroller and ADC
002E             49   SOUND_OUT   EQU P3.7
002E             50   CE_ADC EQU P2.0
002E             51   MY_MOSI EQU P2.1
002E             52   MY_MISO EQU P2.2
002E             53   MY_SCLK EQU P2.3
002E             54   
0030             55   DSEG at 0x30
0030             56   Count1ms:      ds 2 ; Used to determine when half second has passed
0032             57   Result:        ds 2
0034             58   Result_Thermo: ds 2
0036             59   seconds:         ds 1
0037             60   x:             ds 4
003B             61   y:             ds 4
003F             62   bcd:           ds 5
0044             63   
0000             64   BSEG
0000             65   mf: dbit 1
0001             66   one_second_flag: dbit 1 
0002             67   
                546   $LIST
                 69   $LIST
029E             71   
029E             72   CSEG
029E             73   LCD_RS equ P1.1
029E             74   LCD_RW equ P1.2
029E             75   LCD_E  equ P1.3
029E             76   LCD_D4 equ P3.2
029E             77   LCD_D5 equ P3.3
029E             78   LCD_D6 equ P3.4
029E             79   LCD_D7 equ P3.5
029E             80   
                 82   	$LIST
034C             84   
034C             85   ;---------------------------------;
034C             86   ; Routine to initialize the ISR   ;
034C             87   ; for timer 0                     ;
034C             88   ;---------------------------------;
034C             89   Timer0_Init:
034C E589        90            mov a, TMOD
034E 54F0        91            anl a, #0xf0 ; Clear the bits for timer 0
0350 4401        92            orl a, #0x01 ; Configure timer 0 as 16-timer
0352 F589        93            mov TMOD, a
0354 758CEA      94            mov TH0, #high(TIMER0_RELOAD)
0357 758AE8      95            mov TL0, #low(TIMER0_RELOAD)
035A             96            ; Set autoreload value
035A 75F4EA      97            mov TIMER0_RELOAD_H, #high(TIMER0_RELOAD)
035D 75F2E8      98            mov TIMER0_RELOAD_L, #low(TIMER0_RELOAD)
0360             99            ; Enable the timer and interrupts
0360 D2A9       100       setb ET0  ; Enable timer 0 interrupt
0362 D28C       101       setb TR0  ; Start timer 0
0364 22         102            ret
0365            103   
0365            104   ;---------------------------------;
0365            105   ; ISR for timer 0.  Set to execute;
0365            106   ; every 1/4096Hz to generate a    ;
0365            107   ; 2048 Hz square wave at pin P3.7 ;
0365            108   ;---------------------------------;
0365            109   Timer0_ISR:
0365            110            ;clr TF0  ; According to the data sheet this is done for us already.
0365 8000       111            sjmp no_beep
0367            112   beep_on:
0367            113            ;cpl SOUND_OUT ; Connect speaker to P3.7!
0367            114   no_beep:
0367 32         115            reti
0368            116            
0368            117            
0368            118   
                119   Send_BCD mac
                120   	push ar0
                121   	mov r0, %0
                122   	lcall ?Send_BCD
                123   	mov a, #'\r'
                124       lcall putchar
                125       mov a, #'\n'
                126       lcall putchar
                127   	pop ar0
                128   endmac
0368            129   
0368            130   
0368            131            
0368            132   ;---------------------------------;
0368            133   ; Routine to initialize the ISR   ;
0368            134   ; for timer 2                     ;
0368            135   ;---------------------------------;
0368            136   Timer2_Init:
0368 75C800     137            mov T2CON, #0 ; Stop timer/counter.  Autoreload mode.
036B 75CDA9     138            mov TH2, #high(TIMER2_RELOAD)
036E 75CC9A     139            mov TL2, #low(TIMER2_RELOAD)
0371            140            ; Set the reload value
0371 75CBA9     141            mov RCAP2H, #high(TIMER2_RELOAD)
0374 75CA9A     142            mov RCAP2L, #low(TIMER2_RELOAD)
0377            143            ; Init One millisecond interrupt counter.  It is a 16-bit variable made with two 8-bit parts
0377 E4         144            clr a
0378 F530       145            mov Count1ms+0, a
037A F531       146            mov Count1ms+1, a
037C            147            ; Enable the timer and interrupts
037C D2AD       148       setb ET2  ; Enable timer 2 interrupt
037E D2CA       149       setb TR2  ; Enable timer 2
0380 22         150            ret
0381            151   
0381            152   ;---------------------------------;
0381            153   ; ISR for timer 2                 ;
0381            154   ;---------------------------------;
0381            155   Timer2_ISR:
0381 C2CF       156            clr TF2  ; Timer 2 doesn't clear TF2 automatically. Do it in ISR
0383 B2B6       157            cpl P3.6 ; To check the interrupt rate with oscilloscope. It must be precisely a 1 ms pulse.
0385            158            
0385            159            ; The two registers used in the ISR must be saved in the stack
0385 C0E0       160            push acc
0387 C0D0       161            push psw
0389            162            
0389            163            ; Increment the 16-bit one mili second counter
0389            164                            ;       inc Count1ms+0    ; Increment the low 8-bits first
0389            165                                    ;mov a, Count1ms+0
0389            166                            ;       cjne a, #10h, Timer2_ISR_done
0389            167                            ;       mov Count1ms+0, #0h
0389 0530       168            inc Count1ms+0    ; Increment the low 8-bits first
038B E530       169            mov a, Count1ms+0 ; If the low 8-bits overflow, then increment high 8-bits
038D 7015       170            jnz Inc_Done
038F 0531       171            inc Count1ms+1
0391            172            
0391 C000       173            push ar0
0393 A83F       173            mov r0, bcd
0395 120651     173            lcall ?Send_BCD
0398 740D       173            mov a, #'\r'
039A 1203DB     173       lcall putchar
039D 740A       173       mov a, #'\n'
039F 1203DB     173       lcall putchar
03A2 D000       173            pop ar0
03A4            174            Inc_Done:
03A4            175            ; Check if a second has passed
03A4            176   
03A4 E530       177            mov a, Count1ms+0
03A6 B4C815     178            cjne a, #low(MILLISECOND_WAIT), Timer2_ISR_done ; Warning: this instruction changes the carry flag!
03A9 E531       179            mov a, Count1ms+1
03AB B40010     180            cjne a, #high(MILLISECOND_WAIT), Timer2_ISR_done
03AE            181            
03AE            182            ; 1000 milliseconds have passed.  Set a flag so the main program knows
03AE D201       183            setb one_second_flag ; Let the main program know one second had passed
03B0 B28C       184            cpl TR0 ; Enable/disable timer/counter 0. This line creates a beep-silence-beep-silence sound.
03B2            185            ; Reset to zero the milli-seconds counter, it is a 16-bit variable
03B2 E4         186            clr a
03B3 F530       187            mov Count1ms+0, a
03B5 F531       188            mov Count1ms+1, a
03B7            189            ; Increment the BCD counter
03B7 E536       190            mov a, seconds
03B9 2401       191            add a, #0x01
03BB D4         192            da a ; Decimal adjust instruction.  Check datasheet for more details!
03BC F536       193            mov seconds, a
03BE            194            
03BE            195            
03BE            196   Timer2_ISR_done:
03BE D0D0       197            pop psw
03C0 D0E0       198            pop acc
03C2 32         199            reti
03C3            200   
03C3            201   ; Configure the serial port and baud rate
03C3            202   InitSerialPort:
03C3            203       ; Since the reset button bounces, we need to wait a bit before
03C3            204       ; sending messages, otherwise we risk displaying gibberish!
03C3 79DE       205       mov R1, #222
03C5 78A6       206       mov R0, #166
03C7 D8FE       207       djnz R0, $   ; 3 cycles->3*45.21123ns*166=22.51519us
03C9 D9FA       208       djnz R1, $-4 ; 22.51519us*222=4.998ms
03CB            209       ; Now we can proceed with the configuration
03CB 438780     210            orl     PCON,#0x80
03CE 759852     211            mov     SCON,#0x52
03D1 759B00     212            mov     BDRCON,#0x00
03D4 759AF4     213            mov     BRL,#BRG_VAL
03D7 759B1E     214            mov     BDRCON,#0x1E ; BDRCON=BRR|TBCK|RBCK|SPD;
03DA 22         215       ret
03DB            216   
03DB            217   ; Send a character using the serial port
03DB            218   putchar:
03DB 3099FD     219       jnb TI, putchar
03DE C299       220       clr TI
03E0 F599       221       mov SBUF, a
03E2 22         222       ret
03E3            223   
03E3            224   ; Send a constant-zero-terminated string using the serial port
03E3            225   SendString:
03E3 E4         226       clr A
03E4 93         227       movc A, @A+DPTR
03E5 6006       228       jz SendStringDone
03E7 1203DB     229       lcall putchar
03EA A3         230       inc DPTR
03EB 80F6       231       sjmp SendString
03ED            232   SendStringDone:
03ED 22         233       ret
03EE            234       
03EE            235   INIT_SPI:
03EE D2A2       236            setb MY_MISO ; Make MISO an input pin
03F0 C2A3       237            clr MY_SCLK ; For mode (0,0) SCLK is zero
03F2 22         238            ret
03F3            239   
03F3            240   DO_SPI_G:
03F3 C0E0       241            push acc
03F5 7900       242            mov R1, #0 ; Received byte stored in R1
03F7 7A08       243            mov R2, #8 ; Loop counter (8-bits)
03F9            244   DO_SPI_G_LOOP:
03F9 E8         245            mov a, R0 ; Byte to write is in R0
03FA 33         246            rlc a ; Carry flag has bit to write
03FB F8         247            mov R0, a
03FC 92A1       248            mov MY_MOSI, c
03FE D2A3       249            setb MY_SCLK ; Transmit
0400 A2A2       250            mov c, MY_MISO ; Read received bit
0402 E9         251            mov a, R1 ; Save received bit in R1
0403 33         252            rlc a
0404 F9         253            mov R1, a
0405 C2A3       254            clr MY_SCLK
0407 DAF0       255            djnz R2, DO_SPI_G_LOOP
0409 D0E0       256            pop acc
040B 22         257            ret
040C            258    
040C            259   Hello_World:
040C 48656C6C   260       DB  'Hello, World!', '\r', '\n', 0
     6F2C2057
     6F726C64
     210D0A00
041C            261       
041C            262   Delay:
041C 79DE       263            mov R1, #222
041E 78A6       264       mov R0, #166
0420 D8FE       265       djnz R0, $   ; 3 cycles->3*45.21123ns*166=22.51519us
0422 D9FA       266       djnz R1, $-4 ; 22.51519us*222=4.998ms
0424 32         267       reti
0425            268       
                269   Left_blank mac
                270   	mov a, %0
                271   	anl a, #0xf0
                272   	swap a
                273   	jz Left_blank_%M_a
                274   	ljmp %1
                275   Left_blank_%M_a:
                276   	Display_char(#' ')
                277   	mov a, %0
                278   	anl a, #0x0f
                279   	jz Left_blank_%M_b
                280   	ljmp %1
                281   Left_blank_%M_b:
                282   	Display_char(#' ')
                283   endmac
0425            284      
0425            285   ; Sends 10-digit BCD number in bcd to the LCD 
0425            286   Display_10_digit_BCD:
0425 C0E0       287            push acc
0427 7407       287            mov a, #7
0429 14         287            dec a
042A 12032F     287            lcall ?Set_Cursor_2 ; Select column and row
042D D0E0       287            pop acc
042F C000       288            push ar0
0431 A843       288            mov r0, bcd+4
0433 120336     288            lcall ?Display_BCD
0436 D000       288            pop ar0
0438 C000       289            push ar0
043A A842       289            mov r0, bcd+3
043C 120336     289            lcall ?Display_BCD
043F D000       289            pop ar0
0441 C000       290            push ar0
0443 A841       290            mov r0, bcd+2
0445 120336     290            lcall ?Display_BCD
0448 D000       290            pop ar0
044A C000       291            push ar0
044C A840       291            mov r0, bcd+1
044E 120336     291            lcall ?Display_BCD
0451 D000       291            pop ar0
0453 C000       292            push ar0
0455 A83F       292            mov r0, bcd+0
0457 120336     292            lcall ?Display_BCD
045A D000       292            pop ar0
045C            293            ; Replace all the zeros to the left with blanks
045C C0E0       294            push acc
045E 7407       294            mov a, #7
0460 14         294            dec a
0461 12032F     294            lcall ?Set_Cursor_2 ; Select column and row
0464 D0E0       294            pop acc
0466 E543       295            mov a, bcd+4
0468 54F0       295            anl a, #0xf0
046A C4         295            swap a
046B 6003       295            jz Left_blank_16_a
046D 02050A     295            ljmp skip_blank
0470            295   Left_blank_16_a:
0470 C0E0       295            push acc
0472 7420       295            mov a, #' '
0474 1202EE     295            lcall ?WriteData
0477 D0E0       295            pop acc
0479 E543       295            mov a, bcd+4
047B 540F       295            anl a, #0x0f
047D 6003       295            jz Left_blank_16_b
047F 02050A     295            ljmp skip_blank
0482            295   Left_blank_16_b:
0482 C0E0       295            push acc
0484 7420       295            mov a, #' '
0486 1202EE     295            lcall ?WriteData
0489 D0E0       295            pop acc
048B E542       296            mov a, bcd+3
048D 54F0       296            anl a, #0xf0
048F C4         296            swap a
0490 6003       296            jz Left_blank_19_a
0492 02050A     296            ljmp skip_blank
0495            296   Left_blank_19_a:
0495 C0E0       296            push acc
0497 7420       296            mov a, #' '
0499 1202EE     296            lcall ?WriteData
049C D0E0       296            pop acc
049E E542       296            mov a, bcd+3
04A0 540F       296            anl a, #0x0f
04A2 6003       296            jz Left_blank_19_b
04A4 02050A     296            ljmp skip_blank
04A7            296   Left_blank_19_b:
04A7 C0E0       296            push acc
04A9 7420       296            mov a, #' '
04AB 1202EE     296            lcall ?WriteData
04AE D0E0       296            pop acc
04B0 E541       297            mov a, bcd+2
04B2 54F0       297            anl a, #0xf0
04B4 C4         297            swap a
04B5 6003       297            jz Left_blank_22_a
04B7 02050A     297            ljmp skip_blank
04BA            297   Left_blank_22_a:
04BA C0E0       297            push acc
04BC 7420       297            mov a, #' '
04BE 1202EE     297            lcall ?WriteData
04C1 D0E0       297            pop acc
04C3 E541       297            mov a, bcd+2
04C5 540F       297            anl a, #0x0f
04C7 6003       297            jz Left_blank_22_b
04C9 02050A     297            ljmp skip_blank
04CC            297   Left_blank_22_b:
04CC C0E0       297            push acc
04CE 7420       297            mov a, #' '
04D0 1202EE     297            lcall ?WriteData
04D3 D0E0       297            pop acc
04D5 E540       298            mov a, bcd+1
04D7 54F0       298            anl a, #0xf0
04D9 C4         298            swap a
04DA 6003       298            jz Left_blank_25_a
04DC 02050A     298            ljmp skip_blank
04DF            298   Left_blank_25_a:
04DF C0E0       298            push acc
04E1 7420       298            mov a, #' '
04E3 1202EE     298            lcall ?WriteData
04E6 D0E0       298            pop acc
04E8 E540       298            mov a, bcd+1
04EA 540F       298            anl a, #0x0f
04EC 6003       298            jz Left_blank_25_b
04EE 02050A     298            ljmp skip_blank
04F1            298   Left_blank_25_b:
04F1 C0E0       298            push acc
04F3 7420       298            mov a, #' '
04F5 1202EE     298            lcall ?WriteData
04F8 D0E0       298            pop acc
04FA E53F       299            mov a, bcd+0
04FC 54F0       300            anl a, #0f0h
04FE C4         301            swap a
04FF 7009       302            jnz skip_blank
0501 C0E0       303            push acc
0503 7420       303            mov a, #' '
0505 1202EE     303            lcall ?WriteData
0508 D0E0       303            pop acc
050A            304   skip_blank:
050A 22         305            ret
050B            306            
050B            307   Display_10_digit_BCD_2:
050B C0E0       308            push acc
050D 7407       308            mov a, #7
050F 14         308            dec a
0510 120331     308            lcall ?Set_Cursor_1 ; Select column and row
0513 D0E0       308            pop acc
0515 C000       309            push ar0
0517 A843       309            mov r0, bcd+4
0519 120336     309            lcall ?Display_BCD
051C D000       309            pop ar0
051E C000       310            push ar0
0520 A842       310            mov r0, bcd+3
0522 120336     310            lcall ?Display_BCD
0525 D000       310            pop ar0
0527 C000       311            push ar0
0529 A841       311            mov r0, bcd+2
052B 120336     311            lcall ?Display_BCD
052E D000       311            pop ar0
0530 C000       312            push ar0
0532 A840       312            mov r0, bcd+1
0534 120336     312            lcall ?Display_BCD
0537 D000       312            pop ar0
0539 C000       313            push ar0
053B A83F       313            mov r0, bcd+0
053D 120336     313            lcall ?Display_BCD
0540 D000       313            pop ar0
0542            314            ; Replace all the zeros to the left with blanks
0542 C0E0       315            push acc
0544 7407       315            mov a, #7
0546 14         315            dec a
0547 120331     315            lcall ?Set_Cursor_1 ; Select column and row
054A D0E0       315            pop acc
054C E543       316            mov a, bcd+4
054E 54F0       316            anl a, #0xf0
0550 C4         316            swap a
0551 6003       316            jz Left_blank_36_a
0553 0205F0     316            ljmp skip_blank_2
0556            316   Left_blank_36_a:
0556 C0E0       316            push acc
0558 7420       316            mov a, #' '
055A 1202EE     316            lcall ?WriteData
055D D0E0       316            pop acc
055F E543       316            mov a, bcd+4
0561 540F       316            anl a, #0x0f
0563 6003       316            jz Left_blank_36_b
0565 0205F0     316            ljmp skip_blank_2
0568            316   Left_blank_36_b:
0568 C0E0       316            push acc
056A 7420       316            mov a, #' '
056C 1202EE     316            lcall ?WriteData
056F D0E0       316            pop acc
0571 E542       317            mov a, bcd+3
0573 54F0       317            anl a, #0xf0
0575 C4         317            swap a
0576 6003       317            jz Left_blank_39_a
0578 0205F0     317            ljmp skip_blank_2
057B            317   Left_blank_39_a:
057B C0E0       317            push acc
057D 7420       317            mov a, #' '
057F 1202EE     317            lcall ?WriteData
0582 D0E0       317            pop acc
0584 E542       317            mov a, bcd+3
0586 540F       317            anl a, #0x0f
0588 6003       317            jz Left_blank_39_b
058A 0205F0     317            ljmp skip_blank_2
058D            317   Left_blank_39_b:
058D C0E0       317            push acc
058F 7420       317            mov a, #' '
0591 1202EE     317            lcall ?WriteData
0594 D0E0       317            pop acc
0596 E541       318            mov a, bcd+2
0598 54F0       318            anl a, #0xf0
059A C4         318            swap a
059B 6003       318            jz Left_blank_42_a
059D 0205F0     318            ljmp skip_blank_2
05A0            318   Left_blank_42_a:
05A0 C0E0       318            push acc
05A2 7420       318            mov a, #' '
05A4 1202EE     318            lcall ?WriteData
05A7 D0E0       318            pop acc
05A9 E541       318            mov a, bcd+2
05AB 540F       318            anl a, #0x0f
05AD 6003       318            jz Left_blank_42_b
05AF 0205F0     318            ljmp skip_blank_2
05B2            318   Left_blank_42_b:
05B2 C0E0       318            push acc
05B4 7420       318            mov a, #' '
05B6 1202EE     318            lcall ?WriteData
05B9 D0E0       318            pop acc
05BB E540       319            mov a, bcd+1
05BD 54F0       319            anl a, #0xf0
05BF C4         319            swap a
05C0 6003       319            jz Left_blank_45_a
05C2 0205F0     319            ljmp skip_blank_2
05C5            319   Left_blank_45_a:
05C5 C0E0       319            push acc
05C7 7420       319            mov a, #' '
05C9 1202EE     319            lcall ?WriteData
05CC D0E0       319            pop acc
05CE E540       319            mov a, bcd+1
05D0 540F       319            anl a, #0x0f
05D2 6003       319            jz Left_blank_45_b
05D4 0205F0     319            ljmp skip_blank_2
05D7            319   Left_blank_45_b:
05D7 C0E0       319            push acc
05D9 7420       319            mov a, #' '
05DB 1202EE     319            lcall ?WriteData
05DE D0E0       319            pop acc
05E0 E53F       320            mov a, bcd+0
05E2 54F0       321            anl a, #0f0h
05E4 C4         322            swap a
05E5 7009       323            jnz skip_blank_2
05E7 C0E0       324            push acc
05E9 7420       324            mov a, #' '
05EB 1202EE     324            lcall ?WriteData
05EE D0E0       324            pop acc
05F0            325   skip_blank_2:
05F0 22         326            ret
05F1            327   
05F1            328            ; Sends 10-digit BCD number in BCD to the SPI
05F1            329   Send_10_digit_BCD:
05F1 C000       330            push ar0
05F3 A843       330            mov r0, bcd+4
05F5 120651     330            lcall ?Send_BCD
05F8 740D       330            mov a, #'\r'
05FA 1203DB     330       lcall putchar
05FD 740A       330       mov a, #'\n'
05FF 1203DB     330       lcall putchar
0602 D000       330            pop ar0
0604 C000       331            push ar0
0606 A842       331            mov r0, bcd+3
0608 120651     331            lcall ?Send_BCD
060B 740D       331            mov a, #'\r'
060D 1203DB     331       lcall putchar
0610 740A       331       mov a, #'\n'
0612 1203DB     331       lcall putchar
0615 D000       331            pop ar0
0617 C000       332            push ar0
0619 A841       332            mov r0, bcd+2
061B 120651     332            lcall ?Send_BCD
061E 740D       332            mov a, #'\r'
0620 1203DB     332       lcall putchar
0623 740A       332       mov a, #'\n'
0625 1203DB     332       lcall putchar
0628 D000       332            pop ar0
062A C000       333            push ar0
062C A840       333            mov r0, bcd+1
062E 120651     333            lcall ?Send_BCD
0631 740D       333            mov a, #'\r'
0633 1203DB     333       lcall putchar
0636 740A       333       mov a, #'\n'
0638 1203DB     333       lcall putchar
063B D000       333            pop ar0
063D C000       334            push ar0
063F A83F       334            mov r0, bcd+0
0641 120651     334            lcall ?Send_BCD
0644 740D       334            mov a, #'\r'
0646 1203DB     334       lcall putchar
0649 740A       334       mov a, #'\n'
064B 1203DB     334       lcall putchar
064E D000       334            pop ar0
0650 22         335            ret
0651            336   
0651            337   ?Send_BCD:
0651 C0E0       338            push acc
0653            339            ; Write most significant digit
0653 E8         340            mov a, r0
0654 C4         341            swap a
0655 540F       342            anl a, #0fh
0657 4430       343            orl a, #30h
0659 1203DB     344            lcall putchar
065C            345            ; write least significant digit
065C E8         346            mov a, r0
065D 540F       347            anl a, #0fh
065F 4430       348            orl a, #30h
0661 1203DB     349            lcall putchar
0664 D0E0       350            pop acc
0666 22         351            ret
0667            352   
0667            353   GET_ADC_TEMP:
0667 C2A0       354       clr CE_ADC         ; selects 
0669 7801       355       mov R0, #00000001B ; Start bit: 1
066B 1203F3     356       lcall DO_SPI_G
066E            357       
066E 7880       358       mov R0, #10000000B ; Read channel 0
0670 1203F3     359       lcall DO_SPI_G
0673 E9         360       mov a, R1
0674 5403       361       anl a, #00000011B
0676 F533       362       mov Result+1, a    ; Save high result
0678            363       
0678 7855       364       mov R0, #55H
067A 1203F3     365       lcall DO_SPI_G
067D 8932       366       mov Result, R1     ; Save low result
067F            367       
067F D2A0       368       setb CE_ADC        ; deselects
0681            369       
0681            370       ;V_OUT = ADC_voltage*4.096V/1023
0681            371       ;ADC_voltage*4096 = A
0681 853237     372       mov x+0, Result
0684 853338     373       mov x+1, Result+1
0687 753900     374       mov x+2, #0
068A 753A00     375       mov x+3, #0
068D            376       
068D 22         377    ret
068E            378   
068E            379    GET_THERMO_TEMP:
068E C2A0       380       clr CE_ADC         ; selects 
0690 7801       381       mov R0, #00000001B ; Start bit: 1
0692 1203F3     382       lcall DO_SPI_G
0695            383       
0695 7890       384       mov R0, #10010000B ; Read channel 1
0697 1203F3     385       lcall DO_SPI_G
069A E9         386       mov a, R1
069B 5403       387       anl a, #00000011B
069D F535       388       mov Result_Thermo+1, a    ; Save high result
069F            389       
069F 7855       390       mov R0, #55H
06A1 1203F3     391       lcall DO_SPI_G
06A4 8934       392       mov Result_Thermo, R1     ; Save low result
06A6 D2A0       393       setb CE_ADC        ; deselects
06A8            394       
06A8            395       ;V_OUT = ADC_voltage*4.096V/1023
06A8            396       ;ADC_voltage*4096 = A
06A8 853437     397       mov x+0, Result_Thermo
06AB 853538     398       mov x+1, Result_Thermo+1
06AE 753900     399       mov x+2, #0
06B1 753A00     400       mov x+3, #0
06B4 22         401     ret
06B5            402   
06B5            403   ;____________________________________
06B5            404    ;*************************************
06B5            405   
06B5            406   ; This is the code that converts the amplified voltage from the the k-type thermocouple 
06B5            407   ; to temperature data for use. 
06B5            408   ; Current Parameters: 
06B5            409   ;                Op-amp gain: ~200
06B5            410   ;                Thermocouple conversion: 41 uV/celcius
06B5            411   ;                Reference Voltage: 4.096 
06B5            412   ; inputs
06B5            413   ;*************************************           
06B5            414   ;-------------------------------------           
06B5            415   
06B5            416   Voltage_to_temp_LM355: 
06B5 753B00     417            mov y+0, #low (4096 % 0x10000) 
06B8 753C10     417            mov y+1, #high(4096 % 0x10000) 
06BB 753D00     417            mov y+2, #low (4096 / 0x10000) 
06BE 753E00     417            mov y+3, #high(4096 / 0x10000) 
06C1 1201A8     418                        lcall mul32 ;multiplies x *= y
06C4            419                        
06C4            420                        ;A/1023 = B
06C4 753BFF     421            mov y+0, #low (1023 % 0x10000) 
06C7 753C03     421            mov y+1, #high(1023 % 0x10000) 
06CA 753D00     421            mov y+2, #low (1023 / 0x10000) 
06CD 753E00     421            mov y+3, #high(1023 / 0x10000) 
06D0 120235     422                        lcall div32 ;divides x /= y
06D3            423                        
06D3            424                        ;B - 2730 = C
06D3 753BAA     425            mov y+0, #low (2730 % 0x10000) 
06D6 753C0A     425            mov y+1, #high(2730 % 0x10000) 
06D9 753D00     425            mov y+2, #low (2730 / 0x10000) 
06DC 753E00     425            mov y+3, #high(2730 / 0x10000) ;
06DF 120114     426                        lcall sub32
06E2            427                        
06E2            428                        ;B/10 = V_OUT
06E2 753B0A     429            mov y+0, #low (10 % 0x10000) 
06E5 753C00     429            mov y+1, #high(10 % 0x10000) 
06E8 753D00     429            mov y+2, #low (10 / 0x10000) 
06EB 753E00     429            mov y+3, #high(10 / 0x10000) ;
06EE 120235     430                        lcall div32 ;divides x /= y
06F1 12002E     431                            lcall hex2bcd
06F4 22         432            ret
06F5            433   
06F5            434     Voltage_to_temp_thermocouple: 
06F5            435   
06F5            436            ;SPI_REF_VOLTAGE_mul100 equ 4081
06F5            437            ;THERMOCOUPLE_CONVERSION_div1000 equ 2475
06F5            438            
06F5            439            ;
06F5            440            ; We are doing the conversion from V--> 10 bit Temp (deg C)
06F5            441            ; Start: Amplified Volts, Vin
06F5            442            ;
06F5            443            ;               Vin*(1 deg C)* (V_REF)*    1    * 1
06F5            444            ;                        --------                           ---    ---  - ADC_RESULT
06F5            445            ;                       (41 uV )                   OP_AMP_GAIn  1023
06F5            446   
06F5 753BF1     447            mov y+0, #low (4081 % 0x10000) 
06F8 753C0F     447            mov y+1, #high(4081 % 0x10000) 
06FB 753D00     447            mov y+2, #low (4081 / 0x10000) 
06FE 753E00     447            mov y+3, #high(4081 / 0x10000) ; 4.081*1000=mV
0701 1201A8     448            lcall mul32
0704            449            
0704 753BFF     450            mov y+0, #low (1023 % 0x10000) 
0707 753C03     450            mov y+1, #high(1023 % 0x10000) 
070A 753D00     450            mov y+2, #low (1023 / 0x10000) 
070D 753E00     450            mov y+3, #high(1023 / 0x10000) 
0710 120235     451            lcall div32   
0713            452            
0713 753BF7     453            mov y+0, #low (247 % 0x10000) 
0716 753C00     453            mov y+1, #high(247 % 0x10000) 
0719 753D00     453            mov y+2, #low (247 / 0x10000) 
071C 753E00     453            mov y+3, #high(247 / 0x10000)  ; 24.75*10
071F 1201A8     454            lcall mul32
0722            455                                    ;---------
0722 753BD0     456            mov y+0, #low (2000 % 0x10000) 
0725 753C07     456            mov y+1, #high(2000 % 0x10000) 
0728 753D00     456            mov y+2, #low (2000 / 0x10000) 
072B 753E00     456            mov y+3, #high(2000 / 0x10000)  ; 200*10
072E 120235     457            lcall div32
0731            458            
0731 753B16     459            mov y+0, #low (22 % 0x10000) 
0734 753C00     459            mov y+1, #high(22 % 0x10000) 
0737 753D00     459            mov y+2, #low (22 / 0x10000) 
073A 753E00     459            mov y+3, #high(22 / 0x10000) 
073D            460   
073D            461   
073D 1200F3     462            lcall add32
0740            463            
0740 12002E     464            lcall hex2bcd
0743 22         465      ret
0744            466     
0744            467   
0744            468   
0744            469   
0744            470   MainProgram:
0744 75817F     471       mov SP, #7FH ; Set the stack pointer to the begining of idata
0747            472       
0747            473       ;lcall Timer0_Init
0747 120368     474       lcall Timer2_Init
074A            475       ; In case you decide to use the pins of P0, configure the port in bidirectional mode:
074A 75E600     476       mov P0M0, #0
074D 75E700     477       mov P0M1, #0
0750 D2AF       478       setb EA   ; Enable Global interrupts
0752            479       
0752 1203C3     480       lcall InitSerialPort
0755 90040C     481       mov DPTR, #Hello_World
0758 1203E3     482       lcall SendString
075B            483       
075B 1203EE     484       lcall INIT_SPI
075E 1202F8     485       lcall LCD_4BIT
0761            486       
0761            487   forever:
0761 00         488   nop
0762            489   
0762            490   
0762            491   GET_TEMP_DATA: 
0762 3001FD     492            jnb one_second_flag, GET_TEMP_DATA
0765 C201       493            clr one_second_flag ; We clear this flag in the main loop, but it is set in the ISR for timer 2
0767            494            
0767            495            ;Gets, displays, and pushes ADC LM355 temp values
0767 120667     496            lcall GET_ADC_TEMP
076A 1206B5     497       lcall Voltage_to_temp_LM355
076D 120425     498       lcall Display_10_digit_BCD
0770            499       
0770            500       ; Gets, displays, and pushes k-type thermocouple vlaues
0770 12068E     501            lcall GET_THERMO_TEMP
0773 1206F5     502       lcall Voltage_to_temp_thermocouple
0776 1205F1     503       lcall Send_10_digit_BCD
0779 12050B     504       lcall Display_10_digit_BCD_2
077C            505       
077C 12041C     506       lcall Delay
077F 020761     507       ljmp forever ; This is equivalent to 'forever: sjmp forever'
0782 22         508       ret
0783            509            
0783            510   
0783            511   
0783            512   EN
